react-dom.development.js:29895 Download the React DevTools for a better development experience: https://reactjs.org/link/react-devtools
_index.tsx:28 Received vapiWebToken: 4687761e-1342-4929-ade7-b2c128d67bce
_index.tsx:49 Current isVapiReady state: false
_index.tsx:28 Received vapiWebToken: 4687761e-1342-4929-ade7-b2c128d67bce
_index.tsx:49 Current isVapiReady state: false
_index.tsx:33 Initializing Vapi...
vapi.sdk.ts:18 initializeVapi called with token: 4687761e-1342-4929-ade7-b2c128d67bce
vapi.sdk.ts:21 Window is defined, creating Vapi instance
vapi.sdk.ts:24 Vapi instance created successfully
_index.tsx:33 Initializing Vapi...
vapi.sdk.ts:18 initializeVapi called with token: 4687761e-1342-4929-ade7-b2c128d67bce
vapi.sdk.ts:21 Window is defined, creating Vapi instance
vapi.sdk.ts:24 Vapi instance created successfully
_index.tsx:36 Vapi initialized successfully Vapi
_index.tsx:36 Vapi initialized successfully Vapi
_index.tsx:28 Received vapiWebToken: 4687761e-1342-4929-ade7-b2c128d67bce
_index.tsx:49 Current isVapiReady state: true
_index.tsx:28 Received vapiWebToken: 4687761e-1342-4929-ade7-b2c128d67bce
_index.tsx:49 Current isVapiReady state: true
VapiContext.tsx:53 VapiProvider initialized
VapiContext.tsx:53 VapiProvider initialized
Assistant.tsx:11 Assistant component rendering with initialMenu: undefined
Assistant.tsx:11 Assistant component rendering with initialMenu: undefined
VapiContext.tsx:57 Vapi instance in VapiProvider: Vapi
VapiContext.tsx:57 Vapi instance in VapiProvider: Vapi
vapi.sdk.ts:53 Starting Vapi call with assistant: Object
VapiContext.tsx:53 VapiProvider initialized
VapiContext.tsx:53 VapiProvider initialized
VM254:4 Preferred mic not found; skipping: true
value @ VM254:4
vapi.sdk.ts:55 Vapi call started successfully
VapiContext.tsx:53 VapiProvider initialized
VapiContext.tsx:53 VapiProvider initialized
VapiContext.tsx:53 VapiProvider initialized
VapiContext.tsx:53 VapiProvider initialized
VapiContext.tsx:53 VapiProvider initialized
VapiContext.tsx:53 VapiProvider initialized
VapiContext.tsx:53 VapiProvider initialized
VapiContext.tsx:53 VapiProvider initialized
vapi.sdk.ts:29 Call started
_index.tsx:40 Call started
VapiContext.tsx:65 Call started
VapiContext.tsx:53 VapiProvider initialized
VapiContext.tsx:53 VapiProvider initialized
VapiContext.tsx:53 VapiProvider initialized
VapiContext.tsx:53 VapiProvider initialized
VapiContext.tsx:53 VapiProvider initialized
VapiContext.tsx:53 VapiProvider initialized
VapiContext.tsx:53 VapiProvider initialized
VapiContext.tsx:53 VapiProvider initialized
VapiContext.tsx:53 VapiProvider initialized
VapiContext.tsx:53 VapiProvider initialized
VapiContext.tsx:53 VapiProvider initialized
VapiContext.tsx:53 VapiProvider initialized
VapiContext.tsx:53 VapiProvider initialized
VapiContext.tsx:53 VapiProvider initialized
VapiContext.tsx:53 VapiProvider initialized
VapiContext.tsx:53 VapiProvider initialized
VapiContext.tsx:53 VapiProvider initialized
VapiContext.tsx:53 VapiProvider initialized
VapiContext.tsx:53 VapiProvider initialized
VapiContext.tsx:53 VapiProvider initialized
VapiContext.tsx:53 VapiProvider initialized
VapiContext.tsx:53 VapiProvider initialized
VapiContext.tsx:53 VapiProvider initialized
VapiContext.tsx:53 VapiProvider initialized
VapiContext.tsx:53 VapiProvider initialized
VapiContext.tsx:53 VapiProvider initialized
VapiContext.tsx:53 VapiProvider initialized
VapiContext.tsx:53 VapiProvider initialized
VapiContext.tsx:53 VapiProvider initialized
VapiContext.tsx:53 VapiProvider initialized
VapiContext.tsx:53 VapiProvider initialized
VapiContext.tsx:53 VapiProvider initialized
VapiContext.tsx:53 VapiProvider initialized
VapiContext.tsx:53 VapiProvider initialized
VapiContext.tsx:53 VapiProvider initialized
VapiContext.tsx:53 VapiProvider initialized
VapiContext.tsx:53 VapiProvider initialized
VapiContext.tsx:53 VapiProvider initialized
VapiContext.tsx:53 VapiProvider initialized
VapiContext.tsx:53 VapiProvider initialized
VapiContext.tsx:53 VapiProvider initialized
VapiContext.tsx:53 VapiProvider initialized
VapiContext.tsx:53 VapiProvider initialized
VapiContext.tsx:53 VapiProvider initialized
VapiContext.tsx:53 VapiProvider initialized
VapiContext.tsx:53 VapiProvider initialized
VapiContext.tsx:53 VapiProvider initialized
VapiContext.tsx:53 VapiProvider initialized
VapiContext.tsx:53 VapiProvider initialized
VapiContext.tsx:53 VapiProvider initialized
VapiContext.tsx:53 VapiProvider initialized
VapiContext.tsx:53 VapiProvider initialized
VapiContext.tsx:53 VapiProvider initialized
VapiContext.tsx:53 VapiProvider initialized
VapiContext.tsx:53 VapiProvider initialized
VapiContext.tsx:53 VapiProvider initialized
VapiContext.tsx:53 VapiProvider initialized
VapiContext.tsx:53 VapiProvider initialized
VapiContext.tsx:53 VapiProvider initialized
VapiContext.tsx:53 VapiProvider initialized
VapiContext.tsx:53 VapiProvider initialized
VapiContext.tsx:53 VapiProvider initialized
VapiContext.tsx:53 VapiProvider initialized
VapiContext.tsx:53 VapiProvider initialized
VapiContext.tsx:53 VapiProvider initialized
VapiContext.tsx:53 VapiProvider initialized
VapiContext.tsx:53 VapiProvider initialized
VapiContext.tsx:53 VapiProvider initialized
VapiContext.tsx:53 VapiProvider initialized
VapiContext.tsx:53 VapiProvider initialized
VapiContext.tsx:53 VapiProvider initialized
VapiContext.tsx:53 VapiProvider initialized
VapiContext.tsx:53 VapiProvider initialized
VapiContext.tsx:53 VapiProvider initialized
VapiContext.tsx:53 VapiProvider initialized
VapiContext.tsx:53 VapiProvider initialized
VapiContext.tsx:53 VapiProvider initialized
VapiContext.tsx:53 VapiProvider initialized
VapiContext.tsx:53 VapiProvider initialized
VapiContext.tsx:53 VapiProvider initialized
VapiContext.tsx:53 VapiProvider initialized
VapiContext.tsx:53 VapiProvider initialized
VapiContext.tsx:53 VapiProvider initialized
VapiContext.tsx:53 VapiProvider initialized
VapiContext.tsx:53 VapiProvider initialized
VapiContext.tsx:53 VapiProvider initialized
VapiContext.tsx:53 VapiProvider initialized
VapiContext.tsx:53 VapiProvider initialized
VapiContext.tsx:53 VapiProvider initialized
VapiContext.tsx:53 VapiProvider initialized
VapiContext.tsx:53 VapiProvider initialized
VapiContext.tsx:53 VapiProvider initialized
VapiContext.tsx:53 VapiProvider initialized
VapiContext.tsx:53 VapiProvider initialized
VapiContext.tsx:53 VapiProvider initialized
VapiContext.tsx:53 VapiProvider initialized
VapiContext.tsx:53 VapiProvider initialized
VapiContext.tsx:53 VapiProvider initialized
VapiContext.tsx:53 VapiProvider initialized
VapiContext.tsx:53 VapiProvider initialized
VapiContext.tsx:53 VapiProvider initialized
VapiContext.tsx:53 VapiProvider initialized
VapiContext.tsx:53 VapiProvider initialized
VapiContext.tsx:53 VapiProvider initialized
VapiContext.tsx:53 VapiProvider initialized
VapiContext.tsx:53 VapiProvider initialized
VapiContext.tsx:53 VapiProvider initialized
VapiContext.tsx:53 VapiProvider initialized
VapiContext.tsx:53 VapiProvider initialized
VapiContext.tsx:53 VapiProvider initialized
VapiContext.tsx:53 VapiProvider initialized
VapiContext.tsx:53 VapiProvider initialized
VapiContext.tsx:53 VapiProvider initialized
VapiContext.tsx:53 VapiProvider initialized
VapiContext.tsx:53 VapiProvider initialized
VapiContext.tsx:53 VapiProvider initialized
VapiContext.tsx:53 VapiProvider initialized
VapiContext.tsx:53 VapiProvider initialized
VapiContext.tsx:53 VapiProvider initialized
VapiContext.tsx:53 VapiProvider initialized
bb0d6d25-ff3e-47ed-9efa-21360bb6379b:1 KrispSDK - ChunkAudioBuffer:dropBuffer buffer reduced from: 24032 to: 22112
bb0d6d25-ff3e-47ed-9efa-21360bb6379b:1 KrispSDK - ChunkAudioBuffer:dropBuffer buffer reduced from: 24064 to: 22144
bb0d6d25-ff3e-47ed-9efa-21360bb6379b:1 KrispSDK - ChunkAudioBuffer:dropBuffer buffer reduced from: 24416 to: 22496
bb0d6d25-ff3e-47ed-9efa-21360bb6379b:1 KrispSDK - ChunkAudioBuffer:dropBuffer buffer reduced from: 24448 to: 22528
bb0d6d25-ff3e-47ed-9efa-21360bb6379b:1 KrispSDK - ChunkAudioBuffer:dropBuffer buffer reduced from: 24096 to: 22176
VapiContext.tsx:53 VapiProvider initialized
VapiContext.tsx:53 VapiProvider initialized
VapiContext.tsx:53 VapiProvider initialized
VapiContext.tsx:53 VapiProvider initialized
VapiContext.tsx:53 VapiProvider initialized
VapiContext.tsx:53 VapiProvider initialized
VapiContext.tsx:53 VapiProvider initialized
VapiContext.tsx:53 VapiProvider initialized
VapiContext.tsx:53 VapiProvider initialized
VapiContext.tsx:53 VapiProvider initialized
VapiContext.tsx:53 VapiProvider initialized
VapiContext.tsx:53 VapiProvider initialized
VapiContext.tsx:53 VapiProvider initialized
VapiContext.tsx:53 VapiProvider initialized
VapiContext.tsx:53 VapiProvider initialized
VapiContext.tsx:53 VapiProvider initialized
VapiContext.tsx:53 VapiProvider initialized
VapiContext.tsx:53 VapiProvider initialized
VapiContext.tsx:53 VapiProvider initialized
VapiContext.tsx:53 VapiProvider initialized
VapiContext.tsx:53 VapiProvider initialized
VapiContext.tsx:53 VapiProvider initialized
VapiContext.tsx:53 VapiProvider initialized
VapiContext.tsx:53 VapiProvider initialized
VapiContext.tsx:53 VapiProvider initialized
VapiContext.tsx:53 VapiProvider initialized
VapiContext.tsx:53 VapiProvider initialized
VapiContext.tsx:53 VapiProvider initialized
VapiContext.tsx:53 VapiProvider initialized
VapiContext.tsx:53 VapiProvider initialized
VapiContext.tsx:53 VapiProvider initialized
VapiContext.tsx:53 VapiProvider initialized
VapiContext.tsx:53 VapiProvider initialized
VapiContext.tsx:53 VapiProvider initialized
VapiContext.tsx:53 VapiProvider initialized
VapiContext.tsx:53 VapiProvider initialized
VapiContext.tsx:53 VapiProvider initialized
VapiContext.tsx:53 VapiProvider initialized
VapiContext.tsx:53 VapiProvider initialized
VapiContext.tsx:53 VapiProvider initialized
VapiContext.tsx:53 VapiProvider initialized
VapiContext.tsx:53 VapiProvider initialized
VapiContext.tsx:53 VapiProvider initialized
VapiContext.tsx:53 VapiProvider initialized
VapiContext.tsx:53 VapiProvider initialized
VapiContext.tsx:53 VapiProvider initialized
VapiContext.tsx:53 VapiProvider initialized
VapiContext.tsx:53 VapiProvider initialized
VapiContext.tsx:53 VapiProvider initialized
VapiContext.tsx:53 VapiProvider initialized
VapiContext.tsx:53 VapiProvider initialized
VapiContext.tsx:53 VapiProvider initialized
VapiContext.tsx:53 VapiProvider initialized
VapiContext.tsx:53 VapiProvider initialized
VapiContext.tsx:53 VapiProvider initialized
VapiContext.tsx:53 VapiProvider initialized
VapiContext.tsx:53 VapiProvider initialized
VapiContext.tsx:53 VapiProvider initialized
VapiContext.tsx:53 VapiProvider initialized
VapiContext.tsx:53 VapiProvider initialized
VapiContext.tsx:53 VapiProvider initialized
VapiContext.tsx:53 VapiProvider initialized
VapiContext.tsx:53 VapiProvider initialized
VapiContext.tsx:53 VapiProvider initialized
VapiContext.tsx:53 VapiProvider initialized
VapiContext.tsx:53 VapiProvider initialized
VapiContext.tsx:53 VapiProvider initialized
VapiContext.tsx:53 VapiProvider initialized
VapiContext.tsx:53 VapiProvider initialized
VapiContext.tsx:53 VapiProvider initialized
VapiContext.tsx:53 VapiProvider initialized
VapiContext.tsx:53 VapiProvider initialized
VapiContext.tsx:53 VapiProvider initialized
VapiContext.tsx:53 VapiProvider initialized
VapiContext.tsx:53 VapiProvider initialized
VapiContext.tsx:53 VapiProvider initialized
VapiContext.tsx:53 VapiProvider initialized
VapiContext.tsx:53 VapiProvider initialized
VapiContext.tsx:53 VapiProvider initialized
VapiContext.tsx:53 VapiProvider initialized
VapiContext.tsx:53 VapiProvider initialized
VapiContext.tsx:53 VapiProvider initialized
VapiContext.tsx:53 VapiProvider initialized
VapiContext.tsx:53 VapiProvider initialized
VapiContext.tsx:53 VapiProvider initialized
VapiContext.tsx:53 VapiProvider initialized
VapiContext.tsx:53 VapiProvider initialized
VapiContext.tsx:53 VapiProvider initialized
VapiContext.tsx:53 VapiProvider initialized
VapiContext.tsx:53 VapiProvider initialized
VapiContext.tsx:53 VapiProvider initialized
VapiContext.tsx:53 VapiProvider initialized
VapiContext.tsx:53 VapiProvider initialized
VapiContext.tsx:53 VapiProvider initialized
VapiContext.tsx:53 VapiProvider initialized
VapiContext.tsx:53 VapiProvider initialized
VapiContext.tsx:53 VapiProvider initialized
VapiContext.tsx:53 VapiProvider initialized
VapiContext.tsx:53 VapiProvider initialized
VapiContext.tsx:53 VapiProvider initialized
VapiContext.tsx:53 VapiProvider initialized
VapiContext.tsx:53 VapiProvider initialized
VapiContext.tsx:53 VapiProvider initialized
VapiContext.tsx:53 VapiProvider initialized
VapiContext.tsx:53 VapiProvider initialized
VapiContext.tsx:53 VapiProvider initialized
VapiContext.tsx:53 VapiProvider initialized
VapiContext.tsx:53 VapiProvider initialized
VapiContext.tsx:53 VapiProvider initialized
VapiContext.tsx:53 VapiProvider initialized
VapiContext.tsx:53 VapiProvider initialized
VapiContext.tsx:53 VapiProvider initialized
VapiContext.tsx:53 VapiProvider initialized
VapiContext.tsx:53 VapiProvider initialized
VapiContext.tsx:53 VapiProvider initialized
VapiContext.tsx:53 VapiProvider initialized
VapiContext.tsx:53 VapiProvider initialized
VapiContext.tsx:53 VapiProvider initialized
VapiContext.tsx:53 VapiProvider initialized
VapiContext.tsx:53 VapiProvider initialized
VapiContext.tsx:53 VapiProvider initialized
VapiContext.tsx:53 VapiProvider initialized
VapiContext.tsx:53 VapiProvider initialized
VapiContext.tsx:53 VapiProvider initialized
VapiContext.tsx:53 VapiProvider initialized
VapiContext.tsx:53 VapiProvider initialized
VapiContext.tsx:53 VapiProvider initialized
VapiContext.tsx:53 VapiProvider initialized
VapiContext.tsx:53 VapiProvider initialized
VapiContext.tsx:53 VapiProvider initialized
VapiContext.tsx:53 VapiProvider initialized
VapiContext.tsx:53 VapiProvider initialized
VapiContext.tsx:53 VapiProvider initialized
VapiContext.tsx:53 VapiProvider initialized
VapiContext.tsx:53 VapiProvider initialized
VapiContext.tsx:53 VapiProvider initialized
VapiContext.tsx:53 VapiProvider initialized
VapiContext.tsx:53 VapiProvider initialized
VapiContext.tsx:53 VapiProvider initialized
VapiContext.tsx:53 VapiProvider initialized
VapiContext.tsx:53 VapiProvider initialized
VapiContext.tsx:53 VapiProvider initialized
VapiContext.tsx:53 VapiProvider initialized
VapiContext.tsx:53 VapiProvider initialized
VapiContext.tsx:53 VapiProvider initialized
VapiContext.tsx:53 VapiProvider initialized
VapiContext.tsx:53 VapiProvider initialized
VapiContext.tsx:53 VapiProvider initialized
VapiContext.tsx:53 VapiProvider initialized
VapiContext.tsx:53 VapiProvider initialized
VapiContext.tsx:53 VapiProvider initialized
VapiContext.tsx:53 VapiProvider initialized
VapiContext.tsx:53 VapiProvider initialized
VapiContext.tsx:53 VapiProvider initialized
VapiContext.tsx:53 VapiProvider initialized
VapiContext.tsx:53 VapiProvider initialized
VapiContext.tsx:53 VapiProvider initialized
VapiContext.tsx:53 VapiProvider initialized
VapiContext.tsx:53 VapiProvider initialized
VapiContext.tsx:53 VapiProvider initialized
VapiContext.tsx:53 VapiProvider initialized
VapiContext.tsx:53 VapiProvider initialized
VapiContext.tsx:53 VapiProvider initialized
VapiContext.tsx:53 VapiProvider initialized
VapiContext.tsx:53 VapiProvider initialized
VapiContext.tsx:53 VapiProvider initialized
VapiContext.tsx:53 VapiProvider initialized
VapiContext.tsx:53 VapiProvider initialized
VapiContext.tsx:53 VapiProvider initialized
VapiContext.tsx:53 VapiProvider initialized
VapiContext.tsx:53 VapiProvider initialized
VapiContext.tsx:53 VapiProvider initialized
VapiContext.tsx:53 VapiProvider initialized
VapiContext.tsx:53 VapiProvider initialized
VapiContext.tsx:53 VapiProvider initialized
VapiContext.tsx:53 VapiProvider initialized
VapiContext.tsx:53 VapiProvider initialized
VapiContext.tsx:53 VapiProvider initialized
VapiContext.tsx:53 VapiProvider initialized
VapiContext.tsx:53 VapiProvider initialized
VapiContext.tsx:53 VapiProvider initialized
VapiContext.tsx:53 VapiProvider initialized
VapiContext.tsx:53 VapiProvider initialized
VapiContext.tsx:53 VapiProvider initialized
VapiContext.tsx:53 VapiProvider initialized
VapiContext.tsx:53 VapiProvider initialized
VapiContext.tsx:53 VapiProvider initialized
VapiContext.tsx:53 VapiProvider initialized
VapiContext.tsx:53 VapiProvider initialized
VapiContext.tsx:53 VapiProvider initialized
VapiContext.tsx:53 VapiProvider initialized
VapiContext.tsx:53 VapiProvider initialized
VapiContext.tsx:53 VapiProvider initialized
VapiContext.tsx:53 VapiProvider initialized
VapiContext.tsx:53 VapiProvider initialized
VapiContext.tsx:53 VapiProvider initialized
VapiContext.tsx:53 VapiProvider initialized
VapiContext.tsx:53 VapiProvider initialized
VapiContext.tsx:53 VapiProvider initialized
VapiContext.tsx:53 VapiProvider initialized
VapiContext.tsx:53 VapiProvider initialized
VapiContext.tsx:53 VapiProvider initialized
VapiContext.tsx:53 VapiProvider initialized
VapiContext.tsx:53 VapiProvider initialized
VapiContext.tsx:53 VapiProvider initialized
VapiContext.tsx:53 VapiProvider initialized
VapiContext.tsx:53 VapiProvider initialized
VapiContext.tsx:53 VapiProvider initialized
VapiContext.tsx:53 VapiProvider initialized
VapiContext.tsx:53 VapiProvider initialized
VapiContext.tsx:53 VapiProvider initialized
VapiContext.tsx:53 VapiProvider initialized
VapiContext.tsx:53 VapiProvider initialized
VapiContext.tsx:53 VapiProvider initialized
VapiContext.tsx:53 VapiProvider initialized
VapiContext.tsx:53 VapiProvider initialized
VapiContext.tsx:53 VapiProvider initialized
VapiContext.tsx:53 VapiProvider initialized
VapiContext.tsx:53 VapiProvider initialized
VapiContext.tsx:53 VapiProvider initialized
VapiContext.tsx:53 VapiProvider initialized
VapiContext.tsx:53 VapiProvider initialized
VapiContext.tsx:53 VapiProvider initialized
VapiContext.tsx:53 VapiProvider initialized
VapiContext.tsx:53 VapiProvider initialized
VapiContext.tsx:53 VapiProvider initialized
VapiContext.tsx:53 VapiProvider initialized
VapiContext.tsx:53 VapiProvider initialized
VapiContext.tsx:53 VapiProvider initialized
VapiContext.tsx:53 VapiProvider initialized
VapiContext.tsx:53 VapiProvider initialized
VapiContext.tsx:53 VapiProvider initialized
VapiContext.tsx:53 VapiProvider initialized
VapiContext.tsx:53 VapiProvider initialized
VapiContext.tsx:53 VapiProvider initialized
VapiContext.tsx:53 VapiProvider initialized
VapiContext.tsx:53 VapiProvider initialized
VapiContext.tsx:53 VapiProvider initialized
VapiContext.tsx:53 VapiProvider initialized
VapiContext.tsx:53 VapiProvider initialized
VapiContext.tsx:53 VapiProvider initialized
VapiContext.tsx:53 VapiProvider initialized
VapiContext.tsx:53 VapiProvider initialized
VapiContext.tsx:53 VapiProvider initialized
VapiContext.tsx:53 VapiProvider initialized
VapiContext.tsx:53 VapiProvider initialized
VapiContext.tsx:53 VapiProvider initialized
VapiContext.tsx:53 VapiProvider initialized
VapiContext.tsx:53 VapiProvider initialized
VapiContext.tsx:53 VapiProvider initialized
VapiContext.tsx:53 VapiProvider initialized
VapiContext.tsx:53 VapiProvider initialized
VapiContext.tsx:53 VapiProvider initialized
VapiContext.tsx:53 VapiProvider initialized
VapiContext.tsx:53 VapiProvider initialized
VapiContext.tsx:53 VapiProvider initialized
VapiContext.tsx:53 VapiProvider initialized
VapiContext.tsx:53 VapiProvider initialized
VapiContext.tsx:53 VapiProvider initialized
VapiContext.tsx:53 VapiProvider initialized
VapiContext.tsx:53 VapiProvider initialized
VapiContext.tsx:53 VapiProvider initialized
VapiContext.tsx:53 VapiProvider initialized
VapiContext.tsx:53 VapiProvider initialized
VapiContext.tsx:53 VapiProvider initialized
VapiContext.tsx:53 VapiProvider initialized
VapiContext.tsx:53 VapiProvider initialized
VapiContext.tsx:53 VapiProvider initialized
VapiContext.tsx:53 VapiProvider initialized
VapiContext.tsx:53 VapiProvider initialized
VapiContext.tsx:53 VapiProvider initialized
VapiContext.tsx:53 VapiProvider initialized
VapiContext.tsx:53 VapiProvider initialized
VapiContext.tsx:53 VapiProvider initialized
VapiContext.tsx:53 VapiProvider initialized
VapiContext.tsx:53 VapiProvider initialized
VapiContext.tsx:53 VapiProvider initialized
VapiContext.tsx:53 VapiProvider initialized
VapiContext.tsx:53 VapiProvider initialized
VapiContext.tsx:53 VapiProvider initialized
VapiContext.tsx:53 VapiProvider initialized
VapiContext.tsx:53 VapiProvider initialized
VapiContext.tsx:53 VapiProvider initialized
VapiContext.tsx:53 VapiProvider initialized
VapiContext.tsx:53 VapiProvider initialized
VapiContext.tsx:53 VapiProvider initialized
VapiContext.tsx:53 VapiProvider initialized
VapiContext.tsx:53 VapiProvider initialized
VapiContext.tsx:53 VapiProvider initialized
VapiContext.tsx:53 VapiProvider initialized
VapiContext.tsx:53 VapiProvider initialized
VapiContext.tsx:53 VapiProvider initialized
VapiContext.tsx:53 VapiProvider initialized
VapiContext.tsx:53 VapiProvider initialized
VapiContext.tsx:53 VapiProvider initialized
VapiContext.tsx:53 VapiProvider initialized
VapiContext.tsx:53 VapiProvider initialized
VapiContext.tsx:53 VapiProvider initialized
VapiContext.tsx:53 VapiProvider initialized
VapiContext.tsx:53 VapiProvider initialized
VapiContext.tsx:53 VapiProvider initialized
VapiContext.tsx:53 VapiProvider initialized
VapiContext.tsx:53 VapiProvider initialized
VapiContext.tsx:53 VapiProvider initialized
VapiContext.tsx:53 VapiProvider initialized
VapiContext.tsx:53 VapiProvider initialized
VapiContext.tsx:53 VapiProvider initialized
VapiContext.tsx:53 VapiProvider initialized
VapiContext.tsx:53 VapiProvider initialized
VapiContext.tsx:53 VapiProvider initialized
VapiContext.tsx:53 VapiProvider initialized
VapiContext.tsx:53 VapiProvider initialized
VapiContext.tsx:53 VapiProvider initialized
VapiContext.tsx:53 VapiProvider initialized
VapiContext.tsx:53 VapiProvider initialized
VapiContext.tsx:53 VapiProvider initialized
VapiContext.tsx:53 VapiProvider initialized
VapiContext.tsx:53 VapiProvider initialized
VapiContext.tsx:53 VapiProvider initialized
VapiContext.tsx:53 VapiProvider initialized
VapiContext.tsx:53 VapiProvider initialized
VapiContext.tsx:53 VapiProvider initialized
VapiContext.tsx:53 VapiProvider initialized
VapiContext.tsx:53 VapiProvider initialized
VapiContext.tsx:53 VapiProvider initialized
VapiContext.tsx:53 VapiProvider initialized
VapiContext.tsx:53 VapiProvider initialized
VapiContext.tsx:53 VapiProvider initialized
VapiContext.tsx:53 VapiProvider initialized
VapiContext.tsx:53 VapiProvider initialized
VapiContext.tsx:53 VapiProvider initialized
VapiContext.tsx:53 VapiProvider initialized
VapiContext.tsx:53 VapiProvider initialized
VapiContext.tsx:53 VapiProvider initialized
VapiContext.tsx:53 VapiProvider initialized
VapiContext.tsx:53 VapiProvider initialized
VapiContext.tsx:53 VapiProvider initialized
VapiContext.tsx:53 VapiProvider initialized
VapiContext.tsx:53 VapiProvider initialized
VapiContext.tsx:53 VapiProvider initialized
VapiContext.tsx:53 VapiProvider initialized
VapiContext.tsx:53 VapiProvider initialized
VapiContext.tsx:53 VapiProvider initialized
VapiContext.tsx:53 VapiProvider initialized
VapiContext.tsx:53 VapiProvider initialized
VapiContext.tsx:53 VapiProvider initialized
VapiContext.tsx:53 VapiProvider initialized
VapiContext.tsx:53 VapiProvider initialized
VapiContext.tsx:53 VapiProvider initialized
VapiContext.tsx:53 VapiProvider initialized
VapiContext.tsx:53 VapiProvider initialized
VapiContext.tsx:53 VapiProvider initialized
VapiContext.tsx:53 VapiProvider initialized
VapiContext.tsx:53 VapiProvider initialized
VapiContext.tsx:53 VapiProvider initialized
VapiContext.tsx:53 VapiProvider initialized
VapiContext.tsx:53 VapiProvider initialized
VapiContext.tsx:53 VapiProvider initialized
VapiContext.tsx:53 VapiProvider initialized
VapiContext.tsx:53 VapiProvider initialized
VapiContext.tsx:53 VapiProvider initialized
VapiContext.tsx:53 VapiProvider initialized
VapiContext.tsx:53 VapiProvider initialized
VapiContext.tsx:53 VapiProvider initialized
VapiContext.tsx:53 VapiProvider initialized
VapiContext.tsx:53 VapiProvider initialized
VapiContext.tsx:53 VapiProvider initialized
VapiContext.tsx:53 VapiProvider initialized
VapiContext.tsx:53 VapiProvider initialized
VapiContext.tsx:53 VapiProvider initialized
VapiContext.tsx:53 VapiProvider initialized
VapiContext.tsx:53 VapiProvider initialized
VapiContext.tsx:53 VapiProvider initialized
VapiContext.tsx:53 VapiProvider initialized
VapiContext.tsx:53 VapiProvider initialized
VapiContext.tsx:53 VapiProvider initialized
VapiContext.tsx:53 VapiProvider initialized
VapiContext.tsx:53 VapiProvider initialized
VapiContext.tsx:53 VapiProvider initialized
VapiContext.tsx:53 VapiProvider initialized
VapiContext.tsx:53 VapiProvider initialized
VapiContext.tsx:53 VapiProvider initialized
VapiContext.tsx:53 VapiProvider initialized
VapiContext.tsx:53 VapiProvider initialized
VapiContext.tsx:53 VapiProvider initialized
VapiContext.tsx:53 VapiProvider initialized
VapiContext.tsx:53 VapiProvider initialized
VapiContext.tsx:53 VapiProvider initialized
VapiContext.tsx:53 VapiProvider initialized
VapiContext.tsx:53 VapiProvider initialized
VapiContext.tsx:53 VapiProvider initialized
VapiContext.tsx:53 VapiProvider initialized
VapiContext.tsx:53 VapiProvider initialized
VapiContext.tsx:53 VapiProvider initialized
VapiContext.tsx:53 VapiProvider initialized
VapiContext.tsx:53 VapiProvider initialized
VapiContext.tsx:53 VapiProvider initialized
VapiContext.tsx:53 VapiProvider initialized
VapiContext.tsx:53 VapiProvider initialized
VapiContext.tsx:53 VapiProvider initialized
VapiContext.tsx:53 VapiProvider initialized
VapiContext.tsx:53 VapiProvider initialized
VapiContext.tsx:53 VapiProvider initialized
VapiContext.tsx:53 VapiProvider initialized
VapiContext.tsx:53 VapiProvider initialized
VapiContext.tsx:53 VapiProvider initialized
VapiContext.tsx:53 VapiProvider initialized
VapiContext.tsx:53 VapiProvider initialized
VapiContext.tsx:53 VapiProvider initialized
VapiContext.tsx:53 VapiProvider initialized
VapiContext.tsx:53 VapiProvider initialized
VapiContext.tsx:53 VapiProvider initialized
VapiContext.tsx:53 VapiProvider initialized
VapiContext.tsx:53 VapiProvider initialized
VapiContext.tsx:53 VapiProvider initialized
VapiContext.tsx:53 VapiProvider initialized
VapiContext.tsx:53 VapiProvider initialized
VapiContext.tsx:53 VapiProvider initialized
VapiContext.tsx:53 VapiProvider initialized
VapiContext.tsx:53 VapiProvider initialized
VapiContext.tsx:53 VapiProvider initialized
VapiContext.tsx:53 VapiProvider initialized
VapiContext.tsx:53 VapiProvider initialized
VapiContext.tsx:53 VapiProvider initialized
VapiContext.tsx:53 VapiProvider initialized
VapiContext.tsx:53 VapiProvider initialized
VapiContext.tsx:53 VapiProvider initialized
VapiContext.tsx:53 VapiProvider initialized
VapiContext.tsx:53 VapiProvider initialized
VapiContext.tsx:53 VapiProvider initialized
VapiContext.tsx:53 VapiProvider initialized
VapiContext.tsx:53 VapiProvider initialized
VapiContext.tsx:53 VapiProvider initialized
VapiContext.tsx:53 VapiProvider initialized
VapiContext.tsx:53 VapiProvider initialized
VapiContext.tsx:53 VapiProvider initialized
VapiContext.tsx:53 VapiProvider initialized
VapiContext.tsx:53 VapiProvider initialized
VapiContext.tsx:53 VapiProvider initialized
VapiContext.tsx:53 VapiProvider initialized
VapiContext.tsx:53 VapiProvider initialized
VapiContext.tsx:53 VapiProvider initialized
VapiContext.tsx:53 VapiProvider initialized
VapiContext.tsx:53 VapiProvider initialized
VapiContext.tsx:53 VapiProvider initialized
VapiContext.tsx:53 VapiProvider initialized
VapiContext.tsx:53 VapiProvider initialized
VapiContext.tsx:53 VapiProvider initialized
VapiContext.tsx:53 VapiProvider initialized
VapiContext.tsx:53 VapiProvider initialized
VapiContext.tsx:53 VapiProvider initialized
VapiContext.tsx:53 VapiProvider initialized
VapiContext.tsx:53 VapiProvider initialized
VapiContext.tsx:53 VapiProvider initialized
VapiContext.tsx:53 VapiProvider initialized
VapiContext.tsx:53 VapiProvider initialized
VapiContext.tsx:53 VapiProvider initialized
VapiContext.tsx:53 VapiProvider initialized
VapiContext.tsx:53 VapiProvider initialized
VapiContext.tsx:53 VapiProvider initialized
VapiContext.tsx:53 VapiProvider initialized
VapiContext.tsx:53 VapiProvider initialized
VapiContext.tsx:53 VapiProvider initialized
VapiContext.tsx:53 VapiProvider initialized
VapiContext.tsx:53 VapiProvider initialized
VapiContext.tsx:53 VapiProvider initialized
VapiContext.tsx:53 VapiProvider initialized
VapiContext.tsx:53 VapiProvider initialized
VapiContext.tsx:53 VapiProvider initialized
VapiContext.tsx:53 VapiProvider initialized
VapiContext.tsx:53 VapiProvider initialized
VapiContext.tsx:53 VapiProvider initialized
VapiContext.tsx:53 VapiProvider initialized
VapiContext.tsx:53 VapiProvider initialized
VapiContext.tsx:53 VapiProvider initialized
VapiContext.tsx:53 VapiProvider initialized
VapiContext.tsx:53 VapiProvider initialized
VapiContext.tsx:53 VapiProvider initialized
VapiContext.tsx:53 VapiProvider initialized
VapiContext.tsx:53 VapiProvider initialized
VapiContext.tsx:53 VapiProvider initialized
VapiContext.tsx:53 VapiProvider initialized
VapiContext.tsx:53 VapiProvider initialized
VapiContext.tsx:53 VapiProvider initialized
VapiContext.tsx:53 VapiProvider initialized
VapiContext.tsx:53 VapiProvider initialized
VapiContext.tsx:53 VapiProvider initialized
VapiContext.tsx:53 VapiProvider initialized
VapiContext.tsx:53 VapiProvider initialized
VapiContext.tsx:53 VapiProvider initialized
VapiContext.tsx:53 VapiProvider initialized
VapiContext.tsx:53 VapiProvider initialized
VapiContext.tsx:53 VapiProvider initialized
VapiContext.tsx:53 VapiProvider initialized
VapiContext.tsx:53 VapiProvider initialized
VapiContext.tsx:53 VapiProvider initialized
VapiContext.tsx:53 VapiProvider initialized
VapiContext.tsx:53 VapiProvider initialized
VapiContext.tsx:53 VapiProvider initialized
VapiContext.tsx:53 VapiProvider initialized
VapiContext.tsx:53 VapiProvider initialized
VapiContext.tsx:53 VapiProvider initialized
VapiContext.tsx:53 VapiProvider initialized
VapiContext.tsx:53 VapiProvider initialized
VapiContext.tsx:53 VapiProvider initialized
VapiContext.tsx:53 VapiProvider initialized
VapiContext.tsx:53 VapiProvider initialized
VapiContext.tsx:53 VapiProvider initialized
VapiContext.tsx:53 VapiProvider initialized
VapiContext.tsx:53 VapiProvider initialized
VapiContext.tsx:53 VapiProvider initialized
VapiContext.tsx:53 VapiProvider initialized
VapiContext.tsx:53 VapiProvider initialized
VapiContext.tsx:53 VapiProvider initialized
VapiContext.tsx:53 VapiProvider initialized
VapiContext.tsx:53 VapiProvider initialized
VapiContext.tsx:53 VapiProvider initialized
VapiContext.tsx:53 VapiProvider initialized
VapiContext.tsx:53 VapiProvider initialized
VapiContext.tsx:53 VapiProvider initialized
VapiContext.tsx:53 VapiProvider initialized
VapiContext.tsx:53 VapiProvider initialized
VapiContext.tsx:53 VapiProvider initialized
VapiContext.tsx:53 VapiProvider initialized
VapiContext.tsx:53 VapiProvider initialized
VapiContext.tsx:53 VapiProvider initialized
VapiContext.tsx:53 VapiProvider initialized
VapiContext.tsx:53 VapiProvider initialized
VapiContext.tsx:53 VapiProvider initialized
VapiContext.tsx:53 VapiProvider initialized
VapiContext.tsx:53 VapiProvider initialized
VapiContext.tsx:53 VapiProvider initialized
VapiContext.tsx:53 VapiProvider initialized
VapiContext.tsx:53 VapiProvider initialized
VapiContext.tsx:53 VapiProvider initialized
VapiContext.tsx:53 VapiProvider initialized
VapiContext.tsx:53 VapiProvider initialized
VapiContext.tsx:53 VapiProvider initialized
VapiContext.tsx:53 VapiProvider initialized
VapiContext.tsx:53 VapiProvider initialized
VapiContext.tsx:53 VapiProvider initialized
VapiContext.tsx:53 VapiProvider initialized
VapiContext.tsx:53 VapiProvider initialized
VapiContext.tsx:53 VapiProvider initialized
VapiContext.tsx:53 VapiProvider initialized
VapiContext.tsx:53 VapiProvider initialized
VapiContext.tsx:53 VapiProvider initialized
VapiContext.tsx:53 VapiProvider initialized
VapiContext.tsx:53 VapiProvider initialized
VapiContext.tsx:53 VapiProvider initialized
VapiContext.tsx:53 VapiProvider initialized
VapiContext.tsx:53 VapiProvider initialized
VapiContext.tsx:53 VapiProvider initialized
VapiContext.tsx:53 VapiProvider initialized
VapiContext.tsx:53 VapiProvider initialized
VapiContext.tsx:53 VapiProvider initialized
VapiContext.tsx:53 VapiProvider initialized
VapiContext.tsx:53 VapiProvider initialized
VapiContext.tsx:53 VapiProvider initialized
VapiContext.tsx:53 VapiProvider initialized
VapiContext.tsx:53 VapiProvider initialized
VapiContext.tsx:53 VapiProvider initialized
VapiContext.tsx:53 VapiProvider initialized
VapiContext.tsx:53 VapiProvider initialized
VapiContext.tsx:53 VapiProvider initialized
VapiContext.tsx:53 VapiProvider initialized
VapiContext.tsx:53 VapiProvider initialized
VapiContext.tsx:53 VapiProvider initialized
VapiContext.tsx:53 VapiProvider initialized
VapiContext.tsx:53 VapiProvider initialized
VapiContext.tsx:53 VapiProvider initialized
VapiContext.tsx:53 VapiProvider initialized
VapiContext.tsx:53 VapiProvider initialized
VapiContext.tsx:53 VapiProvider initialized
VapiContext.tsx:53 VapiProvider initialized
VapiContext.tsx:53 VapiProvider initialized
VapiContext.tsx:53 VapiProvider initialized
VapiContext.tsx:53 VapiProvider initialized
VapiContext.tsx:53 VapiProvider initialized
VapiContext.tsx:53 VapiProvider initialized
VapiContext.tsx:53 VapiProvider initialized
VapiContext.tsx:53 VapiProvider initialized
VapiContext.tsx:53 VapiProvider initialized
VapiContext.tsx:53 VapiProvider initialized
VapiContext.tsx:53 VapiProvider initialized
VapiContext.tsx:53 VapiProvider initialized
VapiContext.tsx:53 VapiProvider initialized
VapiContext.tsx:53 VapiProvider initialized
VapiContext.tsx:53 VapiProvider initialized
VapiContext.tsx:53 VapiProvider initialized
VapiContext.tsx:53 VapiProvider initialized
VapiContext.tsx:53 VapiProvider initialized
VapiContext.tsx:53 VapiProvider initialized
VapiContext.tsx:53 VapiProvider initialized
vapi.sdk.ts:28 Call ended
VapiContext.tsx:69 Call ended
VapiContext.tsx:53 VapiProvider initialized
VapiContext.tsx:53 VapiProvider initialized
VapiContext.tsx:53 VapiProvider initialized
VapiContext.tsx:53 VapiProvider initialized
