 VapiProvider: Received message Object
 VapiProvider: Rendering children
 VapiProvider: Rendering children
 Processing message 304: Object
 VapiProvider: Rendering children
 VapiProvider: Rendering children
 VapiProvider: Rendering children
 VapiProvider: Rendering children
 VapiProvider: Rendering children
 VapiProvider: Rendering children
 VapiProvider: Rendering children
 VapiProvider: Rendering children
 VapiProvider: Rendering children
 VapiProvider: Rendering children
 VapiProvider: Rendering children
 VapiProvider: Rendering children
 VapiProvider: Rendering children
 VapiProvider: Rendering children
 VapiProvider: Rendering children
 VapiProvider: Rendering children
 VapiProvider: Rendering children
 VapiProvider: Rendering children
 VapiProvider: Rendering children
 VapiProvider: Rendering children
 VapiProvider: Rendering children
 VapiProvider: Rendering children
 VapiProvider: Rendering children
 VapiProvider: Rendering children
 VapiProvider: Rendering children
 VapiProvider: Rendering children
 VapiProvider: Rendering children
 VapiProvider: Rendering children
 VapiProvider: Received message Object
 VapiProvider: Rendering children
 VapiProvider: Rendering children
 Processing message 305: Object
 VapiProvider: Rendering children
 VapiProvider: Rendering children
 VapiProvider: Rendering children
 VapiProvider: Rendering children
 VapiProvider: Rendering children
 VapiProvider: Rendering children
 VapiProvider: Received message Object
 VapiProvider: Rendering children
 VapiProvider: Rendering children
 Processing message 306: Object
 VapiProvider: Rendering children
 VapiProvider: Rendering children
 VapiProvider: Received message Object
 VapiProvider: Received message Object
 VapiProvider: Received message Object
 VapiProvider: Rendering children
 VapiProvider: Rendering children
 Processing message 307: Object
 Processing message 308: Object
 Processing message 309: Object
 VapiProvider: Rendering children
 VapiProvider: Rendering children
 VapiProvider: Rendering children
 VapiProvider: Rendering children
 VapiProvider: Speech started
 VapiProvider: Rendering children
 VapiProvider: Rendering children
 VapiProvider: Rendering children
 VapiProvider: Rendering children
 VapiProvider: Rendering children
 VapiProvider: Rendering children
 VapiProvider: Rendering children
 VapiProvider: Rendering children
 VapiProvider: Rendering children
 VapiProvider: Rendering children
 VapiProvider: Rendering children
 VapiProvider: Rendering children
 VapiProvider: Received message Object
 VapiProvider: Rendering children
 VapiProvider: Rendering children
 Processing message 310: Object
 VapiProvider: Rendering children
 VapiProvider: Rendering children
 VapiProvider: Received message Object
 VapiProvider: Rendering children
 VapiProvider: Rendering children
 Processing message 311: Object
 VapiProvider: Rendering children
 VapiProvider: Rendering children
 VapiProvider: Rendering children
 VapiProvider: Rendering children
 VapiProvider: Rendering children
 VapiProvider: Rendering children
 VapiProvider: Rendering children
 VapiProvider: Rendering children
 VapiProvider: Rendering children
 VapiProvider: Rendering children
 VapiProvider: Rendering children
 VapiProvider: Rendering children
 VapiProvider: Rendering children
 VapiProvider: Rendering children
 VapiProvider: Rendering children
 VapiProvider: Rendering children
 VapiProvider: Speech ended
 VapiProvider: Rendering children
 VapiProvider: Rendering children
 VapiProvider: Received message Object
 VapiProvider: Rendering children
 VapiProvider: Rendering children
 Processing message 312: Object
 VapiProvider: Rendering children
 VapiProvider: Rendering children
 VapiProvider: Received message Object
 VapiProvider: Rendering children
 VapiProvider: Rendering children
 Processing message 313: Object
 VapiProvider: Rendering children
 VapiProvider: Rendering children
 VapiProvider: Rendering children
 VapiProvider: Rendering children
 VapiProvider: Rendering children
 VapiProvider: Rendering children
 VapiProvider: Rendering children
 VapiProvider: Rendering children
 VapiProvider: Rendering children
 VapiProvider: Rendering children
 VapiProvider: Received message Object
 VapiProvider: Rendering children
 VapiProvider: Rendering children
 Processing message 314: Object
 VapiProvider: Rendering children
 VapiProvider: Rendering children
 VapiProvider: Rendering children
 VapiProvider: Rendering children
 VapiProvider: Received message Object
 VapiProvider: Rendering children
 VapiProvider: Rendering children
 Processing message 315: Object
 VapiProvider: Received message Object
 VapiProvider: Rendering children
 VapiProvider: Rendering children
 Processing message 316: Object
 VapiProvider: Received message Object
 VapiProvider: Rendering children
 VapiProvider: Rendering children
 Processing message 317: Object
 VapiProvider: Received message Object
 VapiProvider: Rendering children
 VapiProvider: Rendering children
 Processing message 318: Object
 VapiProvider: Rendering children
 VapiProvider: Rendering children
 VapiProvider: Received message Object
 VapiProvider: Received message Object
 VapiProvider: Received message Object
 VapiProvider: Received message Object
 VapiProvider: Rendering children
 VapiProvider: Rendering children
 Processing message 319: Object
 Processing message 320: Object
 Processing message 321: Object
 Processing message 322: Object
 VapiProvider: Received message Object
 VapiProvider: Rendering children
 VapiProvider: Rendering children
 Processing message 323: Object
 VapiProvider: Received message Object
 VapiProvider: Rendering children
 VapiProvider: Rendering children
 Processing message 324: Object
 VapiProvider: Received message Object
 VapiProvider: Received message Object
 VapiProvider: Received message Object
 VapiProvider: Received message Object
 VapiProvider: Received message Object
 VapiProvider: Received message Object
 VapiProvider: Received message Object
 VapiProvider: Rendering children
 VapiProvider: Rendering children
 Processing message 325: Object
 Processing message 326: Object
 Processing message 327: Object
 Processing message 328: Object
 Processing message 329: Object
 Processing message 330: Object
 Processing message 331: Object
 VapiProvider: Rendering children
 VapiProvider: Rendering children
 VapiProvider: Received message Object
 VapiProvider: Rendering children
 VapiProvider: Rendering children
 Processing message 332: Object
 VapiProvider: Received message Object
 VapiProvider: Rendering children
 VapiProvider: Rendering children
 Processing message 333: Object
 VapiProvider: Received message Object
 VapiProvider: Received message Object
 VapiProvider: Received message Object
 VapiProvider: Received message Object
 VapiProvider: Received message Object
 VapiProvider: Received message Object
 VapiProvider: Rendering children
 VapiProvider: Rendering children
 Processing message 334: Object
 Processing message 335: Object
 Processing message 336: Object
 Processing message 337: Object
 Processing message 338: Object
 Processing message 339: Object
 VapiProvider: Received message Object
 VapiProvider: Rendering children
 VapiProvider: Rendering children
 Processing message 340: Object
 VapiProvider: Received message Object
 VapiProvider: Rendering children
 VapiProvider: Rendering children
 Processing message 341: Object
 VapiProvider: Rendering children
 VapiProvider: Rendering children
 VapiProvider: Received message Object
 VapiProvider: Received message Object
 VapiProvider: Rendering children
 VapiProvider: Rendering children
 Processing message 342: Object
 Processing message 343: Object
 VapiProvider: Rendering children
 VapiProvider: Rendering children
 VapiProvider: Rendering children
 VapiProvider: Rendering children
 VapiProvider: Rendering children
 VapiProvider: Rendering children
 VapiProvider: Received message Object
 VapiProvider: Rendering children
 VapiProvider: Rendering children
 Processing message 344: Object
 VapiProvider: Rendering children
 VapiProvider: Rendering children
 VapiProvider: Rendering children
 VapiProvider: Rendering children
 VapiProvider: Rendering children
 VapiProvider: Rendering children
 VapiProvider: Rendering children
 VapiProvider: Rendering children
 VapiProvider: Speech started
 VapiProvider: Rendering children
 VapiProvider: Rendering children
 VapiProvider: Rendering children
 VapiProvider: Rendering children
 VapiProvider: Rendering children
 VapiProvider: Rendering children
 VapiProvider: Rendering children
 VapiProvider: Rendering children
 VapiProvider: Rendering children
 VapiProvider: Rendering children
 VapiProvider: Rendering children
 VapiProvider: Rendering children
 VapiProvider: Rendering children
 VapiProvider: Rendering children
 VapiProvider: Rendering children
 VapiProvider: Rendering children
 VapiProvider: Rendering children
 VapiProvider: Rendering children
 VapiProvider: Rendering children
 VapiProvider: Rendering children
 VapiProvider: Rendering children
 VapiProvider: Rendering children
 VapiProvider: Rendering children
 VapiProvider: Rendering children
 VapiProvider: Rendering children
 VapiProvider: Rendering children
 VapiProvider: Received message Object
 VapiProvider: Rendering children
 VapiProvider: Rendering children
 Processing message 345: Object
 VapiProvider: Rendering children
 VapiProvider: Rendering children
 VapiProvider: Rendering children
 VapiProvider: Rendering children
 VapiProvider: Rendering children
 VapiProvider: Rendering children
 VapiProvider: Rendering children
 VapiProvider: Rendering children
 VapiProvider: Rendering children
 VapiProvider: Rendering children
 VapiProvider: Rendering children
 VapiProvider: Rendering children
 VapiProvider: Rendering children
 VapiProvider: Rendering children
 VapiProvider: Rendering children
 VapiProvider: Rendering children
 VapiProvider: Rendering children
 VapiProvider: Rendering children
 VapiProvider: Rendering children
 VapiProvider: Rendering children
 VapiProvider: Rendering children
 VapiProvider: Rendering children
 VapiProvider: Rendering children
 VapiProvider: Rendering children
 VapiProvider: Rendering children
 VapiProvider: Rendering children
 VapiProvider: Received message Object
 VapiProvider: Rendering children
 VapiProvider: Rendering children
 Processing message 346: Object
 VapiProvider: Received message Object
 VapiProvider: Rendering children
 VapiProvider: Rendering children
 Processing message 347: Object
 VapiProvider: Received message Object
 VapiProvider: Rendering children
 VapiProvider: Rendering children
 Processing message 348: Object
 VapiProvider: Rendering children
 VapiProvider: Rendering children
 VapiProvider: Received message Object
 VapiProvider: Rendering children
 VapiProvider: Rendering children
 Processing message 349: Object
 VapiProvider: Rendering children
 VapiProvider: Rendering children
 VapiProvider: Received message Object
 VapiProvider: Rendering children
 VapiProvider: Rendering children
 Processing message 350: Object
 VapiProvider: Received message Object
 VapiProvider: Rendering children
 VapiProvider: Rendering children
 Processing message 351: Object
 VapiProvider: Rendering children
 VapiProvider: Rendering children
 VapiProvider: Rendering children
 VapiProvider: Rendering children
 VapiProvider: Rendering children
 VapiProvider: Rendering children
 VapiProvider: Rendering children
 VapiProvider: Rendering children
 VapiProvider: Rendering children
 VapiProvider: Rendering children
 VapiProvider: Rendering children
 VapiProvider: Rendering children
 VapiProvider: Rendering children
 VapiProvider: Rendering children
 VapiProvider: Rendering children
 VapiProvider: Rendering children
 VapiProvider: Received message Object
 VapiProvider: Rendering children
 VapiProvider: Rendering children
 Processing message 352: Object
 VapiProvider: Received message Object
 VapiProvider: Rendering children
 VapiProvider: Rendering children
 Processing message 353: Object
 VapiProvider: Rendering children
 VapiProvider: Rendering children
 VapiProvider: Speech ended
 VapiProvider: Rendering children
 VapiProvider: Rendering children
 VapiProvider: Rendering children
 VapiProvider: Rendering children
 VapiProvider: Rendering children
 VapiProvider: Rendering children
 VapiProvider: Rendering children
 VapiProvider: Rendering children
 VapiProvider: Rendering children
 VapiProvider: Rendering children
 VapiProvider: Received message Object
 VapiProvider: Rendering children
 VapiProvider: Rendering children
 Processing message 354: Object
 VapiProvider: Rendering children
 VapiProvider: Rendering children
 VapiProvider: Rendering children
 VapiProvider: Rendering children
 VapiProvider: Rendering children
 VapiProvider: Rendering children
 VapiProvider: Rendering children
 VapiProvider: Rendering children
 VapiProvider: Rendering children
 VapiProvider: Rendering children
 VapiProvider: Rendering children
 VapiProvider: Rendering children
 VapiProvider: Rendering children
 VapiProvider: Rendering children
 VapiProvider: Received message Object
 VapiProvider: Rendering children
 VapiProvider: Rendering children
 Processing message 355: Object
 VapiProvider: Received message Object
 VapiProvider: Rendering children
 VapiProvider: Rendering children
 Processing message 356: Object
 VapiProvider: Rendering children
 VapiProvider: Rendering children
 VapiProvider: Received message Object
 VapiProvider: Rendering children
 VapiProvider: Rendering children
 Processing message 357: Object
 VapiProvider: Received message Object
 VapiProvider: Rendering children
 VapiProvider: Rendering children
 Processing message 358: Object
 VapiProvider: Received message Object
 VapiProvider: Rendering children
 VapiProvider: Rendering children
 Processing message 359: Object
 VapiProvider: Rendering children
 VapiProvider: Rendering children
 VapiProvider: Rendering children
 VapiProvider: Rendering children
 VapiProvider: Rendering children
 VapiProvider: Rendering children
 VapiProvider: Received message Object
 VapiProvider: Rendering children
 VapiProvider: Rendering children
 Processing message 360: Object
 VapiProvider: Rendering children
 VapiProvider: Rendering children
 VapiProvider: Received message Object
 VapiProvider: Received message Object
 VapiProvider: Received message Object
 VapiProvider: Rendering children
 VapiProvider: Rendering children
 Processing message 361: Object
 Processing message 362: Object
 Processing message 363: Object
 VapiProvider: Rendering children
 VapiProvider: Rendering children
 VapiProvider: Rendering children
 VapiProvider: Rendering children
 VapiProvider: Rendering children
 VapiProvider: Rendering children
 VapiProvider: Received message Object
 VapiProvider: Rendering children
 VapiProvider: Rendering children
 Processing message 364: Object
 VapiProvider: Speech started
 VapiProvider: Rendering children
 VapiProvider: Rendering children
 VapiProvider: Rendering children
 VapiProvider: Rendering children
 VapiProvider: Rendering children
 VapiProvider: Rendering children
 VapiProvider: Rendering children
 VapiProvider: Rendering children
 VapiProvider: Rendering children
 VapiProvider: Rendering children
 VapiProvider: Rendering children
 VapiProvider: Rendering children
 VapiProvider: Rendering children
 VapiProvider: Rendering children
 VapiProvider: Received message Object
 VapiProvider: Rendering children
 VapiProvider: Rendering children
 Processing message 365: Object
 VapiProvider: Rendering children
 VapiProvider: Rendering children
 VapiProvider: Received message Object
 VapiProvider: Received message Object
 VapiProvider: Rendering children
 VapiProvider: Rendering children
 Processing message 366: Object
 Processing message 367: Object
 VapiProvider: Received message Object
 VapiProvider: Rendering children
 VapiProvider: Rendering children
 Processing message 368: Object
 VapiProvider: Received message Object
 VapiProvider: Rendering children
 VapiProvider: Rendering children
 Processing message 369: Object
 VapiProvider: Rendering children
 VapiProvider: Rendering children
 VapiProvider: Received message Object
 VapiProvider: Rendering children
 VapiProvider: Rendering children
 Processing message 370: Object
 VapiProvider: Rendering children
 VapiProvider: Rendering children
 VapiProvider: Rendering children
 VapiProvider: Rendering children
 VapiProvider: Received message Object
 VapiProvider: Rendering children
 VapiProvider: Rendering children
 Processing message 371: Object
 VapiProvider: Received message Object
 VapiProvider: Rendering children
 VapiProvider: Rendering children
 Processing message 372: Object
 VapiProvider: Received message Object
 VapiProvider: Rendering children
 VapiProvider: Rendering children
 Processing message 373: Object
 VapiProvider: Rendering children
 VapiProvider: Rendering children
 VapiProvider: Received message Object
 VapiProvider: Received message Object
 VapiProvider: Received message Object
 VapiProvider: Received message Object
 VapiProvider: Rendering children
 VapiProvider: Rendering children
 Processing message 374: Object
 Processing message 375: Object
 Processing message 376: Object
 Processing message 377: Object
 VapiProvider: Received message Object
 VapiProvider: Received message Object
 VapiProvider: Rendering children
 VapiProvider: Rendering children
 Processing message 378: Object
 Processing message 379: Object
 VapiProvider: Rendering children
 VapiProvider: Rendering children
 VapiProvider: Received message Object
 VapiProvider: Received message Object
 VapiProvider: Received message Object
 VapiProvider: Received message Object
 VapiProvider: Received message Object
 VapiProvider: Received message Object
 VapiProvider: Received message Object
 VapiProvider: Received message Object
 VapiProvider: Received message Object
 VapiProvider: Rendering children
 VapiProvider: Rendering children
 Processing message 380: Object
 Processing message 381: Object
 Processing message 382: Object
 Processing message 383: Object
 Processing message 384: Object
 Processing message 385: Object
 Processing message 386: Object
 Processing message 387: Object
 Processing message 388: Object
 VapiProvider: Received message Object
 VapiProvider: Received message Object
 VapiProvider: Received message Object
 VapiProvider: Received message Object
 VapiProvider: Received message Object
 VapiProvider: Received message Object
 VapiProvider: Rendering children
 VapiProvider: Rendering children
 Processing message 389: Object
 Processing message 390: Object
 Processing message 391: Object
 Processing message 392: Object
 Processing message 393: Object
 Processing message 394: Object
 VapiProvider: Rendering children
 VapiProvider: Rendering children
 VapiProvider: Rendering children
 VapiProvider: Rendering children
 VapiProvider: Speech ended
 VapiProvider: Rendering children
 VapiProvider: Rendering children
 VapiProvider: Rendering children
 VapiProvider: Rendering children
 VapiProvider: Rendering children
 VapiProvider: Rendering children
 VapiProvider: Received message Object
 VapiProvider: Rendering children
 VapiProvider: Rendering children
 Processing message 395: Object
 VapiProvider: Rendering children
 VapiProvider: Rendering children
 VapiProvider: Rendering children
 VapiProvider: Rendering children
 VapiProvider: Rendering children
 VapiProvider: Rendering children
 VapiProvider: Rendering children
 VapiProvider: Rendering children
 VapiProvider: Rendering children
 VapiProvider: Rendering children
 VapiProvider: Speech started
 VapiProvider: Rendering children
 VapiProvider: Rendering children
 VapiProvider: Rendering children
 VapiProvider: Rendering children
 VapiProvider: Rendering children
 VapiProvider: Rendering children
 VapiProvider: Rendering children
 VapiProvider: Rendering children
 VapiProvider: Rendering children
 VapiProvider: Rendering children
 VapiProvider: Rendering children
 VapiProvider: Rendering children
 VapiProvider: Rendering children
 VapiProvider: Rendering children
 VapiProvider: Rendering children
 VapiProvider: Rendering children
 VapiProvider: Rendering children
 VapiProvider: Rendering children
 VapiProvider: Rendering children
 VapiProvider: Rendering children
 VapiProvider: Rendering children
 VapiProvider: Rendering children
 VapiProvider: Rendering children
 VapiProvider: Rendering children
 VapiProvider: Received message Object
 VapiProvider: Rendering children
 VapiProvider: Rendering children
 Processing message 396: Object
 VapiProvider: Rendering children
 VapiProvider: Rendering children
 VapiProvider: Rendering children
 VapiProvider: Rendering children
 VapiProvider: Rendering children
 VapiProvider: Rendering children
 VapiProvider: Rendering children
 VapiProvider: Rendering children
 VapiProvider: Rendering children
 VapiProvider: Rendering children
 VapiProvider: Rendering children
 VapiProvider: Rendering children
 VapiProvider: Rendering children
 VapiProvider: Rendering children
 VapiProvider: Received message Object
 VapiProvider: Rendering children
 VapiProvider: Rendering children
 Processing message 397: Object
 VapiProvider: Received message Object
 VapiProvider: Rendering children
 VapiProvider: Rendering children
 Processing message 398: Object
 VapiProvider: Received message Object
 VapiProvider: Rendering children
 VapiProvider: Rendering children
 Processing message 399: Object
 VapiProvider: Rendering children
 VapiProvider: Rendering children
 VapiProvider: Rendering children
 VapiProvider: Rendering children
 VapiProvider: Rendering children
 VapiProvider: Rendering children
 VapiProvider: Rendering children
 VapiProvider: Rendering children
 VapiProvider: Rendering children
 VapiProvider: Rendering children
 VapiProvider: Received message Object
 VapiProvider: Rendering children
 VapiProvider: Rendering children
 Processing message 400: Object
 VapiProvider: Rendering children
 VapiProvider: Rendering children
 VapiProvider: Rendering children
 VapiProvider: Rendering children
 VapiProvider: Rendering children
 VapiProvider: Rendering children
 VapiProvider: Rendering children
 VapiProvider: Rendering children
 VapiProvider: Rendering children
 VapiProvider: Rendering children
 VapiProvider: Received message Object
 VapiProvider: Rendering children
 VapiProvider: Rendering children
 Processing message 401: Object
 VapiProvider: Rendering children
 VapiProvider: Rendering children
 VapiProvider: Received message Object
 VapiProvider: Rendering children
 VapiProvider: Rendering children
 Processing message 402: Object
 VapiProvider: Rendering children
 VapiProvider: Rendering children
 VapiProvider: Rendering children
 VapiProvider: Rendering children
 VapiProvider: Speech ended
 VapiProvider: Rendering children
 VapiProvider: Rendering children
 VapiProvider: Rendering children
 VapiProvider: Rendering children
 VapiProvider: Rendering children
 VapiProvider: Rendering children
 VapiProvider: Rendering children
 VapiProvider: Rendering children
 VapiProvider: Received message Object
 VapiProvider: Rendering children
 VapiProvider: Rendering children
 Processing message 403: Object
 VapiProvider: Rendering children
 VapiProvider: Rendering children
 VapiProvider: Rendering children
 VapiProvider: Rendering children
 VapiProvider: Rendering children
 VapiProvider: Rendering children
 VapiProvider: Rendering children
 VapiProvider: Rendering children
 VapiProvider: Rendering children
 VapiProvider: Rendering children
 VapiProvider: Rendering children
 VapiProvider: Rendering children
 VapiProvider: Rendering children
 VapiProvider: Rendering children
 VapiProvider: Rendering children
 VapiProvider: Rendering children
 VapiProvider: Rendering children
 VapiProvider: Rendering children
 VapiProvider: Received message Object
 VapiProvider: Rendering children
 VapiProvider: Rendering children
 Processing message 404: Object
 VapiProvider: Rendering children
 VapiProvider: Rendering children
 VapiProvider: Rendering children
 VapiProvider: Rendering children
 VapiProvider: Rendering children
 VapiProvider: Rendering children
 VapiProvider: Rendering children
 VapiProvider: Rendering children
 VapiProvider: Rendering children
 VapiProvider: Rendering children
 VapiProvider: Received message Object
 VapiProvider: Rendering children
 VapiProvider: Rendering children
 Processing message 405: Object
 VapiProvider: Received message Object
 VapiProvider: Rendering children
 VapiProvider: Rendering children
 Processing message 406: Object
 VapiProvider: Rendering children
 VapiProvider: Rendering children
 VapiProvider: Rendering children
 VapiProvider: Rendering children
 VapiProvider: Rendering children
 VapiProvider: Rendering children
 VapiProvider: Rendering children
 VapiProvider: Rendering children
 VapiProvider: Rendering children
 VapiProvider: Rendering children
 VapiProvider: Rendering children
 VapiProvider: Rendering children
 VapiProvider: Rendering children
 VapiProvider: Rendering children
 VapiProvider: Rendering children
 VapiProvider: Rendering children
 VapiProvider: Rendering children
 VapiProvider: Rendering children
 VapiProvider: Rendering children
 VapiProvider: Rendering children
 VapiProvider: Rendering children
 VapiProvider: Rendering children
 VapiProvider: Rendering children
 VapiProvider: Rendering children
 VapiProvider: Received message Object
 VapiProvider: Rendering children
 VapiProvider: Rendering children
 Processing message 407: Object
 VapiProvider: Received message Object
 VapiProvider: Rendering children
 VapiProvider: Rendering children
 Processing message 408: Object
 VapiProvider: Rendering children
 VapiProvider: Rendering children
 VapiProvider: Received message Object
 VapiProvider: Rendering children
 VapiProvider: Rendering children
 Processing message 409: Object
 VapiProvider: Received message Object
 VapiProvider: Rendering children
 VapiProvider: Rendering children
 Processing message 410: Object
 VapiProvider: Rendering children
 VapiProvider: Rendering children
 VapiProvider: Rendering children
 VapiProvider: Rendering children
 VapiProvider: Received message Object
 VapiProvider: Rendering children
 VapiProvider: Rendering children
 Processing message 411: Object
 VapiProvider: Rendering children
 VapiProvider: Rendering children
 VapiProvider: Received message Object
 VapiProvider: Received message Object
 VapiProvider: Received message Object
 VapiProvider: Rendering children
 VapiProvider: Rendering children
 Processing message 412: Object
 Processing message 413: Object
 Processing message 414: Object
 VapiProvider: Rendering children
 VapiProvider: Rendering children
 VapiProvider: Rendering children
 VapiProvider: Rendering children
 VapiProvider: Rendering children
 VapiProvider: Rendering children
 VapiProvider: Rendering children
 VapiProvider: Rendering children
 VapiProvider: Rendering children
 VapiProvider: Rendering children
 VapiProvider: Speech started
 VapiProvider: Rendering children
 VapiProvider: Rendering children
 VapiProvider: Rendering children
 VapiProvider: Rendering children
 VapiProvider: Rendering children
 VapiProvider: Rendering children
 VapiProvider: Rendering children
 VapiProvider: Rendering children
 VapiProvider: Rendering children
 VapiProvider: Rendering children
 VapiProvider: Rendering children
 VapiProvider: Rendering children
 VapiProvider: Received message Object
 VapiProvider: Rendering children
 VapiProvider: Rendering children
 Processing message 415: Object
 VapiProvider: Rendering children
 VapiProvider: Rendering children
 VapiProvider: Received message Object
 VapiProvider: Rendering children
 VapiProvider: Rendering children
 Processing message 416: Object
 VapiProvider: Received message Object
 VapiProvider: Rendering children
 VapiProvider: Rendering children
 Processing message 417: Object
 VapiProvider: Rendering children
 VapiProvider: Rendering children
 VapiProvider: Rendering children
 VapiProvider: Rendering children
 VapiProvider: Rendering children
 VapiProvider: Rendering children
 VapiProvider: Received message Object
 VapiProvider: Rendering children
 VapiProvider: Rendering children
 Processing message 418: Object
 VapiProvider: Received message Object
 VapiProvider: Rendering children
 VapiProvider: Rendering children
 Processing message 419: Object
 VapiProvider: Received message Object
 VapiProvider: Rendering children
 VapiProvider: Rendering children
 Processing message 420: Object
 VapiProvider: Received message Object
 VapiProvider: Received message Object
 VapiProvider: Received message Object
 VapiProvider: Received message Object
 VapiProvider: Received message Object
 VapiProvider: Received message Object
 VapiProvider: Rendering children
 VapiProvider: Rendering children
 Processing message 421: Object
 Processing message 422: Object
 Processing message 423: Object
 Processing message 424: Object
 Processing message 425: Object
 Processing message 426: Object
 VapiProvider: Received message Object
 VapiProvider: Rendering children
 VapiProvider: Rendering children
 Processing message 427: Object
 VapiProvider: Received message Object
 VapiProvider: Rendering children
 VapiProvider: Rendering children
 Processing message 428: Object
 VapiProvider: Rendering children
 VapiProvider: Rendering children
 VapiProvider: Received message Object
 VapiProvider: Rendering children
 VapiProvider: Rendering children
 Processing message 429: Object
 VapiProvider: Rendering children
 VapiProvider: Rendering children
 VapiProvider: Rendering children
 VapiProvider: Rendering children
 VapiProvider: Rendering children
 VapiProvider: Rendering children
 VapiProvider: Received message Object
 VapiProvider: Rendering children
 VapiProvider: Rendering children
 Processing message 430: Object
 VapiProvider: Rendering children
 VapiProvider: Rendering children
 VapiProvider: Rendering children
 VapiProvider: Rendering children
 VapiProvider: Speech ended
 VapiProvider: Rendering children
 VapiProvider: Rendering children
 VapiProvider: Received message Object
 VapiProvider: Rendering children
 VapiProvider: Rendering children
 Processing message 431: Object
 VapiProvider: Received message Object
 VapiProvider: Rendering children
 VapiProvider: Rendering children
 Processing message 432: Object
 VapiProvider: Received message Object
 VapiProvider: Rendering children
 VapiProvider: Rendering children
 Processing message 433: Object
 VapiProvider: Rendering children
 VapiProvider: Rendering children
 VapiProvider: Rendering children
 VapiProvider: Rendering children
 VapiProvider: Rendering children
 VapiProvider: Rendering children
 VapiProvider: Speech started
 VapiProvider: Rendering children
 VapiProvider: Rendering children
 VapiProvider: Rendering children
 VapiProvider: Rendering children
 VapiProvider: Rendering children
 VapiProvider: Rendering children
 VapiProvider: Rendering children
 VapiProvider: Rendering children
 VapiProvider: Rendering children
 VapiProvider: Rendering children
 VapiProvider: Rendering children
 VapiProvider: Rendering children
 VapiProvider: Rendering children
 VapiProvider: Rendering children
 VapiProvider: Rendering children
 VapiProvider: Rendering children
 VapiProvider: Rendering children
 VapiProvider: Rendering children
 VapiProvider: Rendering children
 VapiProvider: Rendering children
 VapiProvider: Rendering children
 VapiProvider: Rendering children
 VapiProvider: Rendering children
 VapiProvider: Rendering children
 VapiProvider: Rendering children
 VapiProvider: Rendering children
 VapiProvider: Rendering children
 VapiProvider: Rendering children
 VapiProvider: Rendering children
 VapiProvider: Rendering children
 VapiProvider: Rendering children
 VapiProvider: Rendering children
 VapiProvider: Rendering children
 VapiProvider: Rendering children
 VapiProvider: Received message Object
 VapiProvider: Rendering children
 VapiProvider: Rendering children
 Processing message 434: Object
 VapiProvider: Rendering children
 VapiProvider: Rendering children
 VapiProvider: Received message Object
 VapiProvider: Rendering children
 VapiProvider: Rendering children
 Processing message 435: Object
 VapiProvider: Rendering children
 VapiProvider: Rendering children
 VapiProvider: Rendering children
 VapiProvider: Rendering children
 VapiProvider: Rendering children
 VapiProvider: Rendering children
 VapiProvider: Rendering children
 VapiProvider: Rendering children
 VapiProvider: Rendering children
 VapiProvider: Rendering children
 VapiProvider: Rendering children
 VapiProvider: Rendering children
 VapiProvider: Rendering children
 VapiProvider: Rendering children
 VapiProvider: Rendering children
 VapiProvider: Rendering children
 VapiProvider: Rendering children
 VapiProvider: Rendering children
 VapiProvider: Rendering children
 VapiProvider: Rendering children
 VapiProvider: Rendering children
 VapiProvider: Rendering children
 VapiProvider: Rendering children
 VapiProvider: Rendering children
 VapiProvider: Speech ended
VapiContext.tsx:100 VapiProvider: Rendering children
VapiContext.tsx:100 VapiProvider: Rendering children
VapiContext.tsx:67 VapiProvider: Received message Object
VapiContext.tsx:100 VapiProvider: Rendering children
VapiContext.tsx:100 VapiProvider: Rendering children
VoiceControlledInfo.tsx:65 Processing message 436: Object
VapiContext.tsx:67 VapiProvider: Received message Object
VapiContext.tsx:100 VapiProvider: Rendering children
VapiContext.tsx:100 VapiProvider: Rendering children
VoiceControlledInfo.tsx:65 Processing message 437: Object
VapiContext.tsx:100 VapiProvider: Rendering children
VapiContext.tsx:100 VapiProvider: Rendering children
VapiContext.tsx:67 VapiProvider: Received message Object
VapiContext.tsx:100 VapiProvider: Rendering children
VapiContext.tsx:100 VapiProvider: Rendering children
VoiceControlledInfo.tsx:65 Processing message 438: Object
VapiContext.tsx:100 VapiProvider: Rendering children
VapiContext.tsx:100 VapiProvider: Rendering children
VapiContext.tsx:100 VapiProvider: Rendering children
VapiContext.tsx:100 VapiProvider: Rendering children
VapiContext.tsx:100 VapiProvider: Rendering children
VapiContext.tsx:100 VapiProvider: Rendering children
VapiContext.tsx:100 VapiProvider: Rendering children
VapiContext.tsx:100 VapiProvider: Rendering children
VapiContext.tsx:100 VapiProvider: Rendering children
VapiContext.tsx:100 VapiProvider: Rendering children
VapiContext.tsx:100 VapiProvider: Rendering children
VapiContext.tsx:100 VapiProvider: Rendering children
VapiContext.tsx:100 VapiProvider: Rendering children
VapiContext.tsx:100 VapiProvider: Rendering children
VapiContext.tsx:100 VapiProvider: Rendering children
VapiContext.tsx:100 VapiProvider: Rendering children
VapiContext.tsx:100 VapiProvider: Rendering children
VapiContext.tsx:100 VapiProvider: Rendering children
VapiContext.tsx:100 VapiProvider: Rendering children
VapiContext.tsx:100 VapiProvider: Rendering children
VapiContext.tsx:100 VapiProvider: Rendering children
VapiContext.tsx:100 VapiProvider: Rendering children
VapiContext.tsx:100 VapiProvider: Rendering children
VapiContext.tsx:100 VapiProvider: Rendering children
VapiContext.tsx:100 VapiProvider: Rendering children
VapiContext.tsx:100 VapiProvider: Rendering children
VapiContext.tsx:100 VapiProvider: Rendering children
VapiContext.tsx:100 VapiProvider: Rendering children
VapiContext.tsx:100 VapiProvider: Rendering children
VapiContext.tsx:100 VapiProvider: Rendering children
VapiContext.tsx:100 VapiProvider: Rendering children
VapiContext.tsx:100 VapiProvider: Rendering children
VapiContext.tsx:100 VapiProvider: Rendering children
VapiContext.tsx:100 VapiProvider: Rendering children
VapiContext.tsx:100 VapiProvider: Rendering children
VapiContext.tsx:100 VapiProvider: Rendering children
VapiContext.tsx:100 VapiProvider: Rendering children
VapiContext.tsx:100 VapiProvider: Rendering children
VapiContext.tsx:100 VapiProvider: Rendering children
VapiContext.tsx:100 VapiProvider: Rendering children
VapiContext.tsx:100 VapiProvider: Rendering children
VapiContext.tsx:100 VapiProvider: Rendering children
VapiContext.tsx:100 VapiProvider: Rendering children
VapiContext.tsx:100 VapiProvider: Rendering children
VapiContext.tsx:100 VapiProvider: Rendering children
VapiContext.tsx:100 VapiProvider: Rendering children
VapiContext.tsx:100 VapiProvider: Rendering children
VapiContext.tsx:100 VapiProvider: Rendering children
VapiContext.tsx:100 VapiProvider: Rendering children
VapiContext.tsx:100 VapiProvider: Rendering children
VapiContext.tsx:100 VapiProvider: Rendering children
VapiContext.tsx:100 VapiProvider: Rendering children
VapiContext.tsx:100 VapiProvider: Rendering children
VapiContext.tsx:100 VapiProvider: Rendering children
VapiContext.tsx:100 VapiProvider: Rendering children
VapiContext.tsx:100 VapiProvider: Rendering children
VapiContext.tsx:100 VapiProvider: Rendering children
VapiContext.tsx:100 VapiProvider: Rendering children
VapiContext.tsx:100 VapiProvider: Rendering children
VapiContext.tsx:100 VapiProvider: Rendering children
VapiContext.tsx:100 VapiProvider: Rendering children
VapiContext.tsx:100 VapiProvider: Rendering children
VapiContext.tsx:100 VapiProvider: Rendering children
VapiContext.tsx:100 VapiProvider: Rendering children
VapiContext.tsx:100 VapiProvider: Rendering children
VapiContext.tsx:100 VapiProvider: Rendering children
VapiContext.tsx:100 VapiProvider: Rendering children
VapiContext.tsx:100 VapiProvider: Rendering children
VapiContext.tsx:100 VapiProvider: Rendering children
VapiContext.tsx:100 VapiProvider: Rendering children
VapiContext.tsx:100 VapiProvider: Rendering children
VapiContext.tsx:100 VapiProvider: Rendering children
VapiContext.tsx:100 VapiProvider: Rendering children
VapiContext.tsx:100 VapiProvider: Rendering children
VapiContext.tsx:100 VapiProvider: Rendering children
VapiContext.tsx:100 VapiProvider: Rendering children
VapiContext.tsx:100 VapiProvider: Rendering children
VapiContext.tsx:100 VapiProvider: Rendering children
VapiContext.tsx:100 VapiProvider: Rendering children
VapiContext.tsx:100 VapiProvider: Rendering children
VapiContext.tsx:100 VapiProvider: Rendering children
VapiContext.tsx:100 VapiProvider: Rendering children
VapiContext.tsx:100 VapiProvider: Rendering children
VapiContext.tsx:100 VapiProvider: Rendering children
VapiContext.tsx:100 VapiProvider: Rendering children
VapiContext.tsx:100 VapiProvider: Rendering children
VapiContext.tsx:100 VapiProvider: Rendering children
VapiContext.tsx:100 VapiProvider: Rendering children
VapiContext.tsx:100 VapiProvider: Rendering children
VapiContext.tsx:100 VapiProvider: Rendering children
VapiContext.tsx:100 VapiProvider: Rendering children
VapiContext.tsx:100 VapiProvider: Rendering children
VapiContext.tsx:100 VapiProvider: Rendering children
VapiContext.tsx:100 VapiProvider: Rendering children
VapiContext.tsx:100 VapiProvider: Rendering children
VapiContext.tsx:100 VapiProvider: Rendering children
VapiContext.tsx:100 VapiProvider: Rendering children
VapiContext.tsx:100 VapiProvider: Rendering children
VapiContext.tsx:100 VapiProvider: Rendering children
VapiContext.tsx:100 VapiProvider: Rendering children
VapiContext.tsx:100 VapiProvider: Rendering children
VapiContext.tsx:100 VapiProvider: Rendering children
VapiContext.tsx:100 VapiProvider: Rendering children
 VapiProvider: Rendering children
 VapiProvider: Rendering children
 VapiProvider: Rendering children
 VapiProvider: Rendering children
 VapiProvider: Rendering children
 VapiProvider: Rendering children
 VapiProvider: Rendering children
 VapiProvider: Rendering children
 VapiProvider: Rendering children
 VapiProvider: Rendering children
 VapiProvider: Rendering children
 VapiProvider: Rendering children
 VapiProvider: Rendering children
 VapiProvider: Rendering children
 VapiProvider: Rendering children
 VapiProvider: Rendering children
 VapiProvider: Rendering children
 VapiProvider: Rendering children
 VapiProvider: Rendering children
 VapiProvider: Rendering children
 VapiProvider: Rendering children
 VapiProvider: Rendering children
 VapiProvider: Rendering children
 VapiProvider: Rendering children
 VapiProvider: Rendering children
 VapiProvider: Rendering children
 VapiProvider: Rendering children
 VapiProvider: Rendering children
 VapiProvider: Rendering children
 VapiProvider: Rendering children
 VapiProvider: Rendering children
 VapiProvider: Rendering children
 VapiProvider: Rendering children
 VapiProvider: Rendering children
 VapiProvider: Rendering children
 VapiProvider: Rendering children
 VapiProvider: Rendering children
 VapiProvider: Rendering children
 VapiProvider: Rendering children
 VapiProvider: Rendering children
 VapiProvider: Rendering children
 VapiProvider: Rendering children
 VapiProvider: Rendering children
