react-dom.development.js:29895 Download the React DevTools for a better development experience: https://reactjs.org/link/react-devtools
vapi.sdk.ts:14 Vapi not initialized. Call initializeVapi() first.
getVapi @ vapi.sdk.ts:14
vapi.sdk.ts:32 Cannot add listener for 'message'. Vapi instance is null.
on @ vapi.sdk.ts:32
Display.tsx:50 Current menu state: {
  "Uncategorized": [
    {
      "id": "W5ZOQ7UZJAXSULOV6JWOQ67X",
      "name": "FAJITA NACHOS. CORN, CHIPS, JALAPEÑO,SOUR CREAM N FAJITA",
      "description": "",
      "category": "Uncategorized",
      "variations": [
        {
          "id": "QA5SYNIXSGUCCCBAD7UYZIOD",
          "name": "Regular",
          "price": "1295"
        }
      ]
    },
    {
      "id": "GH22DVXWKTUWAHWSXCZLWBHR",
      "name": "CHIPS N SALSA",
      "description": "",
      "category": "Uncategorized",
      "variations": [
        {
          "id": "PVZ4ALETB2QT74QRNWTWMBWL",
          "name": "Regular",
          "price": "450"
        }
      ]
    },
    {
      "id": "YHBZOKEYMJM6CTROIKYOPDC5",
      "name": "PIZZADILLA",
      "description": "3 Flour tortillas of 10\" , Red onions, cilantro, sour cream and traditional green spicy sauce.\n Choose:\n-Barbacoa(res) newwwww!!!!!!!!!\n-Al Pastor\n-Birria\n-Asada\n-chicken breast\n-Mix (campechano)-Asada, Red fajita, Mexican sausage and Pineapple.",
      "category": "Uncategorized",
      "variations": [
        {
          "id": "F7NBU2PAIWASHLDV5JSZH6CF",
          "name": "Regular",
          "price": "2399"
        }
      ]
    },
    {
      "id": "PMFSN5Q7XEVVY5FZ2QLQC3QD",
      "name": "QUESABIRRIA PLATE",
      "description": "order comes with 3 Quesabirria, Lamb/consome, red onions, cilantro and lime.",
      "category": "Uncategorized",
      "variations": [
        {
          "id": "23QTUPAIWA2OVHYEYJGSGCQO",
          "name": "Regular",
          "price": "1398"
        }
      ]
    },
    {
      "id": "6LFR4ZTCL5W7EAWQLCKQDUIO",
      "name": "FLAUTAS",
      "description": "4 Chicken Flautas, lettuce, cheese, sour cream, rice and beans.",
      "category": "Uncategorized",
      "variations": [
        {
          "id": "MNM4ZODN3BKGCFEOWRBAM4NV",
          "name": "Regular",
          "price": "1175"
        }
      ]
    },
    {
      "id": "3FOXJE52K7KENLKBRMS5JXAT",
      "name": "SINGLE TACO",
      "description": "",
      "category": "Uncategorized",
      "variations": [
        {
          "id": "VWSFPUNBD2GD3JFGD6ZC3GUC",
          "name": "Al Pastor",
          "price": "450"
        },
        {
          "id": "RNC3TKPDYWSWOUHDEAML2WTX",
          "name": "Barbacoa",
          "price": "450"
        },
        {
          "id": "VNC2AAUGKRIS7L3N6AOOWMHO",
          "name": "Suadero",
          "price": "450"
        },
        {
          "id": "CRCXPVFWEQY4CTQQUKKQLWH7",
          "name": "Asada",
          "price": "450"
        },
        {
          "id": "YCLERQE5L235UM24JPTB5NJB",
          "name": "Red fajita",
          "price": "450"
        },
        {
          "id": "RL56XY444TWTNJVY4I5YLAUY",
          "name": "Pork/Ribs",
          "price": "450"
        },
        {
          "id": "ILJPF3PEPTIPCPWQVTBV6NTQ",
          "name": "Chorizo",
          "price": "450"
        },
        {
          "id": "CMW6PC5H5FVGLOGH3N5NFDX5",
          "name": "Carnitas",
          "price": "450"
        },
        {
          "id": "DRYZHIZL7W54IC6ZSAQ6KW25",
          "name": "Chicken breast",
          "price": "450"
        },
        {
          "id": "2NLF6BXZKUAPRT3RCX3QEFBG",
          "name": "Mix.(campechano)Asada,Fajita, Chorizo and pineapple",
          "price": "450"
        }
      ]
    },
    {
      "id": "GTHOODPM6ETIR7SXYSOPXNIR",
      "name": "TIC-TACO HOUSE SPECIAL",
      "description": "Order of 3 corn tortilla tacos, cilantro, onions, rice and beans. Flour tortilla available for extra charge",
      "category": "Uncategorized",
      "variations": [
        {
          "id": "3LOW26JIGJ5MZ52ZTN6KG6XS",
          "name": "Al Pastor",
          "price": "1398"
        },
        {
          "id": "2ID3USBCR7CDDFTQVP3OCACT",
          "name": "Barbacoa",
          "price": "1398"
        },
        {
          "id": "J66LHOHRX4H4IREP7KJBKYT3",
          "name": "Suadero",
          "price": "1398"
        },
        {
          "id": "KU77GYKBABX2SUCGSR3NIFZ2",
          "name": "Asada",
          "price": "1398"
        },
        {
          "id": "NPHAU3QFNNZR2W3TG4PKXOTV",
          "name": "Red fajita",
          "price": "1398"
        },
        {
          "id": "GJJCPVDPJGJDPEBVKUSAWR6K",
          "name": "Pork/Ribs",
          "price": "1398"
        },
        {
          "id": "ZE2LU4SH7ZKVS6UTRWK4L2C6",
          "name": "Chorizo",
          "price": "1398"
        },
        {
          "id": "NCHTRTS3NB5ARAFOVW3B5UHM",
          "name": "Carnitas",
          "price": "1398"
        },
        {
          "id": "NMSK2KEC3WERGSAYJSSKI3YY",
          "name": "Chicken breast",
          "price": "1398"
        },
        {
          "id": "A6PE2AZSFW2VSJUAM4HEGDW7",
          "name": "Mix.(campechano)Asada,Fajita, Chorizo and pineapple",
          "price": "1398"
        }
      ]
    },
    {
      "id": "LPB4VJRFMR46CSNZN3MDSWCV",
      "name": "FRESH HOME-MADE WATER",
      "description": "Fresh home made juice, choose from: \n-Watermelon\n-Cantaloupe\n-Pineapple\n-Horchata\n-Cucumber \n-Lime\n-Jamaica\n-Tamarind",
      "category": "Uncategorized",
      "variations": [
        {
          "id": "QZRE7CUQ3R647HYLWMECQXUW",
          "name": "Watermelon",
          "price": "553"
        },
        {
          "id": "VWON252MJNJCPP74BFA5EAOC",
          "name": "Cantaloupe",
          "price": "553"
        },
        {
          "id": "Y2B4M7PVY5YTHVWWKUCOGLLC",
          "name": "Pineapple",
          "price": "553"
        },
        {
          "id": "3FNYWKGCZFGKWFL4JPXQCUF4",
          "name": "Horchata",
          "price": "553"
        },
        {
          "id": "PPJHOF4UFASVDYAABQW3G6L4",
          "name": "Cucumber",
          "price": "553"
        },
        {
          "id": "T4LPEAXKYOZD7XP2BDMFADX2",
          "name": "Lime",
          "price": "553"
        },
        {
          "id": "ROC3WMISFO4PWNKOOJRGXMR3",
          "name": "Jamaica",
          "price": "553"
        },
        {
          "id": "Z6L4RDLRT6NLK2FS7BOAKVM5",
          "name": "Tamarind",
          "price": "553"
        }
      ]
    },
    {
      "id": "FZ3RHZCKCLOC4XLE34ZVSMDD",
      "name": "Pepsi Fountain Drink",
      "description": "Pepsi product fountain drinks",
      "category": "Uncategorized",
      "variations": [
        {
          "id": "7CNQ24MQDZIN4JA4WP66ESMC",
          "name": "Pepsi",
          "price": "277"
        },
        {
          "id": "UBIWAXS3MIYDPVEUAZPHNLLX",
          "name": "Sierra Mist",
          "price": "277"
        },
        {
          "id": "IBER6V76PHVDMIBJRVBLIWYJ",
          "name": "Dr. Pepper",
          "price": "277"
        },
        {
          "id": "UPH3EJUEPOM7IPO2RYIRVB4K",
          "name": "Mountain Dew",
          "price": "277"
        },
        {
          "id": "52CBYNRNVW2JQ4ZCFTTTJF4H",
          "name": "Diet Pepsi",
          "price": "277"
        }
      ]
    }
  ]
}
vapi.sdk.ts:14 Vapi not initialized. Call initializeVapi() first.
getVapi @ vapi.sdk.ts:14
useVapi.ts:23 Vapi instance not initialized
(anonymous) @ useVapi.ts:23
Display.tsx:50 Current menu state: {
  "Uncategorized": [
    {
      "id": "W5ZOQ7UZJAXSULOV6JWOQ67X",
      "name": "FAJITA NACHOS. CORN, CHIPS, JALAPEÑO,SOUR CREAM N FAJITA",
      "description": "",
      "category": "Uncategorized",
      "variations": [
        {
          "id": "QA5SYNIXSGUCCCBAD7UYZIOD",
          "name": "Regular",
          "price": "1295"
        }
      ]
    },
    {
      "id": "GH22DVXWKTUWAHWSXCZLWBHR",
      "name": "CHIPS N SALSA",
      "description": "",
      "category": "Uncategorized",
      "variations": [
        {
          "id": "PVZ4ALETB2QT74QRNWTWMBWL",
          "name": "Regular",
          "price": "450"
        }
      ]
    },
    {
      "id": "YHBZOKEYMJM6CTROIKYOPDC5",
      "name": "PIZZADILLA",
      "description": "3 Flour tortillas of 10\" , Red onions, cilantro, sour cream and traditional green spicy sauce.\n Choose:\n-Barbacoa(res) newwwww!!!!!!!!!\n-Al Pastor\n-Birria\n-Asada\n-chicken breast\n-Mix (campechano)-Asada, Red fajita, Mexican sausage and Pineapple.",
      "category": "Uncategorized",
      "variations": [
        {
          "id": "F7NBU2PAIWASHLDV5JSZH6CF",
          "name": "Regular",
          "price": "2399"
        }
      ]
    },
    {
      "id": "PMFSN5Q7XEVVY5FZ2QLQC3QD",
      "name": "QUESABIRRIA PLATE",
      "description": "order comes with 3 Quesabirria, Lamb/consome, red onions, cilantro and lime.",
      "category": "Uncategorized",
      "variations": [
        {
          "id": "23QTUPAIWA2OVHYEYJGSGCQO",
          "name": "Regular",
          "price": "1398"
        }
      ]
    },
    {
      "id": "6LFR4ZTCL5W7EAWQLCKQDUIO",
      "name": "FLAUTAS",
      "description": "4 Chicken Flautas, lettuce, cheese, sour cream, rice and beans.",
      "category": "Uncategorized",
      "variations": [
        {
          "id": "MNM4ZODN3BKGCFEOWRBAM4NV",
          "name": "Regular",
          "price": "1175"
        }
      ]
    },
    {
      "id": "3FOXJE52K7KENLKBRMS5JXAT",
      "name": "SINGLE TACO",
      "description": "",
      "category": "Uncategorized",
      "variations": [
        {
          "id": "VWSFPUNBD2GD3JFGD6ZC3GUC",
          "name": "Al Pastor",
          "price": "450"
        },
        {
          "id": "RNC3TKPDYWSWOUHDEAML2WTX",
          "name": "Barbacoa",
          "price": "450"
        },
        {
          "id": "VNC2AAUGKRIS7L3N6AOOWMHO",
          "name": "Suadero",
          "price": "450"
        },
        {
          "id": "CRCXPVFWEQY4CTQQUKKQLWH7",
          "name": "Asada",
          "price": "450"
        },
        {
          "id": "YCLERQE5L235UM24JPTB5NJB",
          "name": "Red fajita",
          "price": "450"
        },
        {
          "id": "RL56XY444TWTNJVY4I5YLAUY",
          "name": "Pork/Ribs",
          "price": "450"
        },
        {
          "id": "ILJPF3PEPTIPCPWQVTBV6NTQ",
          "name": "Chorizo",
          "price": "450"
        },
        {
          "id": "CMW6PC5H5FVGLOGH3N5NFDX5",
          "name": "Carnitas",
          "price": "450"
        },
        {
          "id": "DRYZHIZL7W54IC6ZSAQ6KW25",
          "name": "Chicken breast",
          "price": "450"
        },
        {
          "id": "2NLF6BXZKUAPRT3RCX3QEFBG",
          "name": "Mix.(campechano)Asada,Fajita, Chorizo and pineapple",
          "price": "450"
        }
      ]
    },
    {
      "id": "GTHOODPM6ETIR7SXYSOPXNIR",
      "name": "TIC-TACO HOUSE SPECIAL",
      "description": "Order of 3 corn tortilla tacos, cilantro, onions, rice and beans. Flour tortilla available for extra charge",
      "category": "Uncategorized",
      "variations": [
        {
          "id": "3LOW26JIGJ5MZ52ZTN6KG6XS",
          "name": "Al Pastor",
          "price": "1398"
        },
        {
          "id": "2ID3USBCR7CDDFTQVP3OCACT",
          "name": "Barbacoa",
          "price": "1398"
        },
        {
          "id": "J66LHOHRX4H4IREP7KJBKYT3",
          "name": "Suadero",
          "price": "1398"
        },
        {
          "id": "KU77GYKBABX2SUCGSR3NIFZ2",
          "name": "Asada",
          "price": "1398"
        },
        {
          "id": "NPHAU3QFNNZR2W3TG4PKXOTV",
          "name": "Red fajita",
          "price": "1398"
        },
        {
          "id": "GJJCPVDPJGJDPEBVKUSAWR6K",
          "name": "Pork/Ribs",
          "price": "1398"
        },
        {
          "id": "ZE2LU4SH7ZKVS6UTRWK4L2C6",
          "name": "Chorizo",
          "price": "1398"
        },
        {
          "id": "NCHTRTS3NB5ARAFOVW3B5UHM",
          "name": "Carnitas",
          "price": "1398"
        },
        {
          "id": "NMSK2KEC3WERGSAYJSSKI3YY",
          "name": "Chicken breast",
          "price": "1398"
        },
        {
          "id": "A6PE2AZSFW2VSJUAM4HEGDW7",
          "name": "Mix.(campechano)Asada,Fajita, Chorizo and pineapple",
          "price": "1398"
        }
      ]
    },
    {
      "id": "LPB4VJRFMR46CSNZN3MDSWCV",
      "name": "FRESH HOME-MADE WATER",
      "description": "Fresh home made juice, choose from: \n-Watermelon\n-Cantaloupe\n-Pineapple\n-Horchata\n-Cucumber \n-Lime\n-Jamaica\n-Tamarind",
      "category": "Uncategorized",
      "variations": [
        {
          "id": "QZRE7CUQ3R647HYLWMECQXUW",
          "name": "Watermelon",
          "price": "553"
        },
        {
          "id": "VWON252MJNJCPP74BFA5EAOC",
          "name": "Cantaloupe",
          "price": "553"
        },
        {
          "id": "Y2B4M7PVY5YTHVWWKUCOGLLC",
          "name": "Pineapple",
          "price": "553"
        },
        {
          "id": "3FNYWKGCZFGKWFL4JPXQCUF4",
          "name": "Horchata",
          "price": "553"
        },
        {
          "id": "PPJHOF4UFASVDYAABQW3G6L4",
          "name": "Cucumber",
          "price": "553"
        },
        {
          "id": "T4LPEAXKYOZD7XP2BDMFADX2",
          "name": "Lime",
          "price": "553"
        },
        {
          "id": "ROC3WMISFO4PWNKOOJRGXMR3",
          "name": "Jamaica",
          "price": "553"
        },
        {
          "id": "Z6L4RDLRT6NLK2FS7BOAKVM5",
          "name": "Tamarind",
          "price": "553"
        }
      ]
    },
    {
      "id": "FZ3RHZCKCLOC4XLE34ZVSMDD",
      "name": "Pepsi Fountain Drink",
      "description": "Pepsi product fountain drinks",
      "category": "Uncategorized",
      "variations": [
        {
          "id": "7CNQ24MQDZIN4JA4WP66ESMC",
          "name": "Pepsi",
          "price": "277"
        },
        {
          "id": "UBIWAXS3MIYDPVEUAZPHNLLX",
          "name": "Sierra Mist",
          "price": "277"
        },
        {
          "id": "IBER6V76PHVDMIBJRVBLIWYJ",
          "name": "Dr. Pepper",
          "price": "277"
        },
        {
          "id": "UPH3EJUEPOM7IPO2RYIRVB4K",
          "name": "Mountain Dew",
          "price": "277"
        },
        {
          "id": "52CBYNRNVW2JQ4ZCFTTTJF4H",
          "name": "Diet Pepsi",
          "price": "277"
        }
      ]
    }
  ]
}
