 VapiProvider: Rendering children
 Processing message 53: Object
 VapiProvider: Rendering children
 VapiProvider: Rendering children
 VapiProvider: Received message Object
 VapiProvider: Rendering children
 VapiProvider: Rendering children
 Processing message 54: Object
 VapiProvider: Received message Object
 VapiProvider: Rendering children
 VapiProvider: Rendering children
 Processing message 55: Object
 VapiProvider: Received message Object
 VapiProvider: Rendering children
 VapiProvider: Rendering children
 Processing message 56: Object
 VapiProvider: Received message Object
 VapiProvider: Rendering children
 VapiProvider: Rendering children
 Processing message 57: Object
 VapiProvider: Rendering children
 VapiProvider: Rendering children
 VapiProvider: Received message Object
 VapiProvider: Rendering children
 VapiProvider: Rendering children
 Processing message 58: Object
 VapiProvider: Rendering children
 VapiProvider: Rendering children
 VapiProvider: Rendering children
 VapiProvider: Rendering children
 VapiProvider: Rendering children
 VapiProvider: Rendering children
 VapiProvider: Rendering children
 VapiProvider: Rendering children
 VapiProvider: Rendering children
 VapiProvider: Rendering children
 VapiProvider: Rendering children
 VapiProvider: Rendering children
 VapiProvider: Rendering children
 VapiProvider: Rendering children
 VapiProvider: Rendering children
 VapiProvider: Rendering children
 VapiProvider: Rendering children
 VapiProvider: Rendering children
 VapiProvider: Received message Object
 VapiProvider: Rendering children
 VapiProvider: Rendering children
 Processing message 59: Object
 VapiProvider: Received message Object
 VapiProvider: Rendering children
 VapiProvider: Rendering children
 Processing message 60: Object
 VapiProvider: Rendering children
 VapiProvider: Rendering children
 VapiProvider: Speech ended
 VapiProvider: Rendering children
 VapiProvider: Rendering children
 VapiProvider: Rendering children
 VapiProvider: Rendering children
 VapiProvider: Rendering children
 VapiProvider: Rendering children
 VapiProvider: Rendering children
 VapiProvider: Rendering children
 VapiProvider: Rendering children
 VapiProvider: Rendering children
 VapiProvider: Rendering children
 VapiProvider: Rendering children
 VapiProvider: Rendering children
 VapiProvider: Rendering children
 VapiProvider: Rendering children
 VapiProvider: Rendering children
 VapiProvider: Rendering children
 VapiProvider: Rendering children
 VapiProvider: Rendering children
 VapiProvider: Rendering children
 VapiProvider: Rendering children
 VapiProvider: Rendering children
 VapiProvider: Rendering children
 VapiProvider: Rendering children
 VapiProvider: Rendering children
 VapiProvider: Rendering children
 VapiProvider: Rendering children
 VapiProvider: Rendering children
 VapiProvider: Rendering children
 VapiProvider: Rendering children
 VapiProvider: Rendering children
 VapiProvider: Rendering children
 VapiProvider: Received message Object
 VapiProvider: Rendering children
 VapiProvider: Rendering children
 Processing message 61: Object
 VapiProvider: Rendering children
 VapiProvider: Rendering children
 VapiProvider: Received message Object
 VapiProvider: Rendering children
 VapiProvider: Rendering children
 Processing message 62: Object
 VapiProvider: Rendering children
 VapiProvider: Rendering children
 VapiProvider: Received message Object
 VapiProvider: Rendering children
 VapiProvider: Rendering children
 Processing message 63: Object
 VapiProvider: Received message Object
 VapiProvider: Rendering children
 VapiProvider: Rendering children
 Processing message 64: Object
 VapiProvider: Received message Object
 VapiProvider: Rendering children
 VapiProvider: Rendering children
 Processing message 65: Object
 VapiProvider: Rendering children
 VapiProvider: Rendering children
 VapiProvider: Rendering children
 VapiProvider: Rendering children
 VapiProvider: Received message Object
 VapiProvider: Rendering children
 VapiProvider: Rendering children
 Processing message 66: Object
 VapiProvider: Received message Object
 VapiProvider: Rendering children
 VapiProvider: Rendering children
 Processing message 67: Object
 VapiProvider: Received message Object
 VapiProvider: Rendering children
 VapiProvider: Rendering children
 Processing message 68: Object
 selectCategory call found: Object
 Setting selected category: Main Menu
 Display: Rendering
 Display: Rendering
 Display: Selected category changed: Main Menu
 Current selected category: Main Menu
 VapiProvider: Received message Object
 VapiProvider: Rendering children
 VapiProvider: Rendering children
 Processing message 69: Object
 VapiProvider: Rendering children
 VapiProvider: Rendering children
 VapiProvider: Rendering children
 VapiProvider: Rendering children
 VapiProvider: Speech started
 VapiProvider: Rendering children
 VapiProvider: Rendering children
 VapiProvider: Rendering children
 VapiProvider: Rendering children
 VapiProvider: Rendering children
 VapiProvider: Rendering children
 VapiProvider: Rendering children
 VapiProvider: Rendering children
 VapiProvider: Rendering children
 VapiProvider: Rendering children
 VapiProvider: Rendering children
 VapiProvider: Rendering children
 VapiProvider: Rendering children
 VapiProvider: Rendering children
 VapiProvider: Rendering children
 VapiProvider: Rendering children
 VapiProvider: Rendering children
 VapiProvider: Rendering children
 VapiProvider: Received message Object
 VapiProvider: Rendering children
 VapiProvider: Rendering children
 Processing message 70: Object
 VapiProvider: Rendering children
 VapiProvider: Rendering children
 VapiProvider: Rendering children
 VapiProvider: Rendering children
 VapiProvider: Rendering children
 VapiProvider: Rendering children
 VapiProvider: Received message Object
 VapiProvider: Rendering children
 VapiProvider: Rendering children
 Processing message 71: Object
 VapiProvider: Received message Object
 VapiProvider: Rendering children
 VapiProvider: Rendering children
 Processing message 72: Object
 VapiProvider: Rendering children
 VapiProvider: Rendering children
 VapiProvider: Received message Object
 VapiProvider: Rendering children
 VapiProvider: Rendering children
 Processing message 73: Object
 VapiProvider: Rendering children
 VapiProvider: Rendering children
 VapiProvider: Rendering children
 VapiProvider: Rendering children
 VapiProvider: Rendering children
 VapiProvider: Rendering children
 VapiProvider: Received message Object
 VapiProvider: Rendering children
 VapiProvider: Rendering children
 Processing message 74: Object
 VapiProvider: Rendering children
 VapiProvider: Rendering children
 VapiProvider: Received message Object
 VapiProvider: Rendering children
 VapiProvider: Rendering children
 Processing message 75: Object
 VapiProvider: Received message Object
 VapiProvider: Rendering children
 VapiProvider: Rendering children
 Processing message 76: Object
 VapiProvider: Received message Object
 VapiProvider: Rendering children
 VapiProvider: Rendering children
 Processing message 77: Object
 VapiProvider: Received message Object
 VapiProvider: Rendering children
 VapiProvider: Rendering children
 Processing message 78: Object
 VapiProvider: Received message Object
 VapiProvider: Received message Object
 VapiProvider: Received message Object
 VapiProvider: Received message Object
 VapiProvider: Received message Object
 VapiProvider: Received message Object
 VapiProvider: Rendering children
 VapiProvider: Rendering children
 Processing message 79: Object
 Processing message 80: Object
 Processing message 81: Object
 Processing message 82: Object
 Processing message 83: Object
 Processing message 84: Object
 VapiProvider: Received message Object
 VapiProvider: Rendering children
 VapiProvider: Rendering children
 Processing message 85: Object
 VapiProvider: Received message Object
 VapiProvider: Rendering children
 VapiProvider: Rendering children
 Processing message 86: Object
 VapiProvider: Rendering children
 VapiProvider: Rendering children
 VapiProvider: Received message Object
 VapiProvider: Received message Object
 VapiProvider: Received message Object
 VapiProvider: Received message Object
 VapiProvider: Received message Object
 VapiProvider: Rendering children
 VapiProvider: Rendering children
 Processing message 87: Object
 Processing message 88: Object
 Processing message 89: Object
 Processing message 90: Object
 Processing message 91: Object
 VapiProvider: Received message Object
 VapiProvider: Rendering children
 VapiProvider: Rendering children
 Processing message 92: Object
 VapiProvider: Received message Object
 VapiProvider: Rendering children
 VapiProvider: Rendering children
 Processing message 93: Object
 VapiProvider: Received message Object
 VapiProvider: Rendering children
 VapiProvider: Rendering children
 Processing message 94: Object
 VapiProvider: Received message Object
 VapiProvider: Rendering children
 VapiProvider: Rendering children
 Processing message 95: Object
 VapiProvider: Received message Object
 VapiProvider: Rendering children
 VapiProvider: Rendering children
 Processing message 96: Object
 VapiProvider: Received message Object
 VapiProvider: Rendering children
 VapiProvider: Rendering children
 Processing message 97: Object
 VapiProvider: Rendering children
 VapiProvider: Rendering children
 VapiProvider: Rendering children
 VapiProvider: Rendering children
 VapiProvider: Speech ended
 VapiProvider: Rendering children
 VapiProvider: Rendering children
 VapiProvider: Received message Object
 VapiProvider: Rendering children
 VapiProvider: Rendering children
 Processing message 98: Object
 VapiProvider: Received message Object
 VapiProvider: Rendering children
 VapiProvider: Rendering children
 Processing message 99: Object
 VapiProvider: Received message Object
 VapiProvider: Rendering children
 VapiProvider: Rendering children
 Processing message 100: Object
 VapiProvider: Rendering children
 VapiProvider: Rendering children
 VapiProvider: Rendering children
 VapiProvider: Rendering children
 VapiProvider: Received message Object
 VapiProvider: Rendering children
 VapiProvider: Rendering children
 Processing message 101: Object
 VapiProvider: Rendering children
 VapiProvider: Rendering children
 VapiProvider: Rendering children
 VapiProvider: Rendering children
 VapiProvider: Rendering children
 VapiProvider: Rendering children
 VapiProvider: Rendering children
 VapiProvider: Rendering children
 VapiProvider: Speech started
 VapiProvider: Rendering children
 VapiProvider: Rendering children
 VapiProvider: Rendering children
 VapiProvider: Rendering children
 VapiProvider: Rendering children
 VapiProvider: Rendering children
 VapiProvider: Rendering children
 VapiProvider: Rendering children
 VapiProvider: Rendering children
 VapiProvider: Rendering children
 VapiProvider: Rendering children
 VapiProvider: Rendering children
 VapiProvider: Rendering children
 VapiProvider: Rendering children
 VapiProvider: Rendering children
 VapiProvider: Rendering children
 VapiProvider: Rendering children
 VapiProvider: Rendering children
 VapiProvider: Rendering children
 VapiProvider: Rendering children
 VapiProvider: Rendering children
 VapiProvider: Rendering children
 VapiProvider: Received message Object
 VapiProvider: Rendering children
 VapiProvider: Rendering children
 Processing message 102: Object
 VapiProvider: Rendering children
 VapiProvider: Rendering children
 VapiProvider: Rendering children
 VapiProvider: Rendering children
 VapiProvider: Rendering children
 VapiProvider: Rendering children
 VapiProvider: Rendering children
 VapiProvider: Rendering children
 VapiProvider: Rendering children
 VapiProvider: Rendering children
 VapiProvider: Rendering children
 VapiProvider: Rendering children
 VapiProvider: Rendering children
 VapiProvider: Rendering children
 VapiProvider: Rendering children
 VapiProvider: Rendering children
 VapiProvider: Received message Object
 VapiProvider: Rendering children
 VapiProvider: Rendering children
 Processing message 103: Object
 VapiProvider: Rendering children
 VapiProvider: Rendering children
 VapiProvider: Rendering children
 VapiProvider: Rendering children
 VapiProvider: Rendering children
 VapiProvider: Rendering children
 VapiProvider: Received message Object
 VapiProvider: Rendering children
 VapiProvider: Rendering children
 Processing message 104: Object
 VapiProvider: Received message Object
 VapiProvider: Rendering children
 VapiProvider: Rendering children
 Processing message 105: Object
 VapiProvider: Rendering children
 VapiProvider: Rendering children
 VapiProvider: Rendering children
 VapiProvider: Rendering children
 VapiProvider: Rendering children
 VapiProvider: Rendering children
 VapiProvider: Rendering children
 VapiProvider: Rendering children
 VapiProvider: Rendering children
 VapiProvider: Rendering children
 VapiProvider: Rendering children
 VapiProvider: Rendering children
 VapiProvider: Rendering children
 VapiProvider: Rendering children
 VapiProvider: Rendering children
 VapiProvider: Rendering children
 VapiProvider: Rendering children
 VapiProvider: Rendering children
 VapiProvider: Rendering children
 VapiProvider: Rendering children
 VapiProvider: Received message Object
 VapiProvider: Rendering children
 VapiProvider: Rendering children
 Processing message 106: Object
 VapiProvider: Rendering children
 VapiProvider: Rendering children
 VapiProvider: Rendering children
 VapiProvider: Rendering children
 VapiProvider: Rendering children
 VapiProvider: Rendering children
 VapiProvider: Rendering children
 VapiProvider: Rendering children
 VapiProvider: Rendering children
 VapiProvider: Rendering children
 VapiProvider: Rendering children
 VapiProvider: Rendering children
 VapiProvider: Rendering children
 VapiProvider: Rendering children
 VapiProvider: Rendering children
 VapiProvider: Rendering children
 VapiProvider: Rendering children
 VapiProvider: Rendering children
 VapiProvider: Rendering children
 VapiProvider: Rendering children
 VapiProvider: Rendering children
 VapiProvider: Rendering children
 VapiProvider: Rendering children
 VapiProvider: Rendering children
 VapiProvider: Rendering children
 VapiProvider: Rendering children
 VapiProvider: Received message Object
 VapiProvider: Rendering children
 VapiProvider: Rendering children
 Processing message 107: Object
 VapiProvider: Rendering children
 VapiProvider: Rendering children
 VapiProvider: Rendering children
 VapiProvider: Rendering children
 VapiProvider: Rendering children
 VapiProvider: Rendering children
 VapiProvider: Rendering children
 VapiProvider: Rendering children
 VapiProvider: Rendering children
 VapiProvider: Rendering children
 VapiProvider: Rendering children
 VapiProvider: Rendering children
 VapiProvider: Rendering children
 VapiProvider: Rendering children
 VapiProvider: Received message Object
 VapiProvider: Rendering children
 VapiProvider: Rendering children
 Processing message 108: Object
 VapiProvider: Rendering children
 VapiProvider: Rendering children
 VapiProvider: Rendering children
 VapiProvider: Rendering children
 VapiProvider: Received message Object
 VapiProvider: Rendering children
 VapiProvider: Rendering children
 Processing message 109: Object
 VapiProvider: Rendering children
 VapiProvider: Rendering children
 VapiProvider: Rendering children
 VapiProvider: Rendering children
 VapiProvider: Rendering children
 VapiProvider: Rendering children
 VapiProvider: Rendering children
 VapiProvider: Rendering children
 VapiProvider: Received message Object
 VapiProvider: Rendering children
 VapiProvider: Rendering children
 Processing message 110: Object
 VapiProvider: Received message Object
 VapiProvider: Rendering children
 VapiProvider: Rendering children
 Processing message 111: Object
 VapiProvider: Rendering children
 VapiProvider: Rendering children
 VapiProvider: Rendering children
 VapiProvider: Rendering children
 VapiProvider: Rendering children
 VapiProvider: Rendering children
 VapiProvider: Speech ended
 VapiProvider: Rendering children
 VapiProvider: Rendering children
 VapiProvider: Rendering children
 VapiProvider: Rendering children
 VapiProvider: Rendering children
 VapiProvider: Rendering children
 VapiProvider: Rendering children
 VapiProvider: Rendering children
 VapiProvider: Rendering children
 VapiProvider: Rendering children
 VapiProvider: Rendering children
 VapiProvider: Rendering children
 VapiProvider: Rendering children
 VapiProvider: Rendering children
 VapiProvider: Rendering children
 VapiProvider: Rendering children
 VapiProvider: Rendering children
 VapiProvider: Rendering children
 VapiProvider: Received message Object
 VapiProvider: Rendering children
 VapiProvider: Rendering children
 Processing message 112: Object
 VapiProvider: Received message Object
 VapiProvider: Rendering children
 VapiProvider: Rendering children
 Processing message 113: Object
 VapiProvider: Rendering children
 VapiProvider: Rendering children
 VapiProvider: Rendering children
 VapiProvider: Rendering children
 VapiProvider: Rendering children
 VapiProvider: Rendering children
 VapiProvider: Rendering children
 VapiProvider: Rendering children
 VapiProvider: Rendering children
 VapiProvider: Rendering children
 VapiProvider: Rendering children
 VapiProvider: Rendering children
 VapiProvider: Rendering children
 VapiProvider: Rendering children
 VapiProvider: Rendering children
 VapiProvider: Rendering children
 VapiProvider: Rendering children
 VapiProvider: Rendering children
 VapiProvider: Received message Object
 VapiProvider: Rendering children
 VapiProvider: Rendering children
 Processing message 114: Object
 VapiProvider: Rendering children
 VapiProvider: Rendering children
 VapiProvider: Received message Object
 VapiProvider: Rendering children
 VapiProvider: Rendering children
 Processing message 115: Object
 VapiProvider: Rendering children
 VapiProvider: Rendering children
 VapiProvider: Rendering children
 VapiProvider: Rendering children
 VapiProvider: Rendering children
 VapiProvider: Rendering children
 VapiProvider: Rendering children
 VapiProvider: Rendering children
 VapiProvider: Rendering children
 VapiProvider: Rendering children
 VapiProvider: Received message Object
 VapiProvider: Rendering children
 VapiProvider: Rendering children
 Processing message 116: Object
 VapiProvider: Rendering children
 VapiProvider: Rendering children
 VapiProvider: Rendering children
 VapiProvider: Rendering children
 VapiProvider: Received message Object
 VapiProvider: Rendering children
 VapiProvider: Rendering children
 Processing message 117: Object
 VapiProvider: Received message Object
 VapiProvider: Rendering children
 VapiProvider: Rendering children
 Processing message 118: Object
 VapiProvider: Received message Object
 VapiProvider: Rendering children
 VapiProvider: Rendering children
 Processing message 119: Object
 VapiProvider: Rendering children
 VapiProvider: Rendering children
 VapiProvider: Received message Object
 VapiProvider: Received message Object
 VapiProvider: Received message Object
 VapiProvider: Received message Object
 VapiProvider: Rendering children
 VapiProvider: Rendering children
 Processing message 120: Object
 Processing message 121: Object
 Processing message 122: Object
 Processing message 123: Object
 VapiProvider: Received message Object
 VapiProvider: Rendering children
 VapiProvider: Rendering children
 Processing message 124: Object
 VapiProvider: Received message Object
 VapiProvider: Rendering children
 VapiProvider: Rendering children
 Processing message 125: Object
 VapiProvider: Received message Object
 VapiProvider: Rendering children
 VapiProvider: Rendering children
 Processing message 126: Object
 VapiProvider: Received message Object
 VapiProvider: Received message Object
 VapiProvider: Rendering children
 VapiProvider: Rendering children
 Processing message 127: Object
 Processing message 128: Object
 VapiProvider: Rendering children
 VapiProvider: Rendering children
 VapiProvider: Received message Object
 VapiProvider: Rendering children
 VapiProvider: Rendering children
 Processing message 129: Object
 VapiProvider: Received message Object
 VapiProvider: Rendering children
 VapiProvider: Rendering children
 Processing message 130: Object
 VapiProvider: Received message Object
 VapiProvider: Rendering children
 VapiProvider: Rendering children
 Processing message 131: Object
 VapiProvider: Received message Object
 VapiProvider: Rendering children
 VapiProvider: Rendering children
 Processing message 132: Object
 VapiProvider: Rendering children
 VapiProvider: Rendering children
 VapiProvider: Received message Object
 VapiProvider: Rendering children
 VapiProvider: Rendering children
 Processing message 133: Object
 VapiProvider: Rendering children
 VapiProvider: Rendering children
 VapiProvider: Rendering children
 VapiProvider: Rendering children
 VapiProvider: Rendering children
 VapiProvider: Rendering children
 VapiProvider: Rendering children
 VapiProvider: Rendering children
 VapiProvider: Rendering children
 VapiProvider: Rendering children
 VapiProvider: Rendering children
 VapiProvider: Rendering children
 VapiProvider: Rendering children
 VapiProvider: Rendering children
 VapiProvider: Rendering children
 VapiProvider: Rendering children
 VapiProvider: Received message Object
 VapiProvider: Rendering children
 VapiProvider: Rendering children
 Processing message 134: Object
 VapiProvider: Rendering children
 VapiProvider: Rendering children
 VapiProvider: Received message Object
 VapiProvider: Rendering children
 VapiProvider: Rendering children
 Processing message 135: Object
 VapiProvider: Rendering children
 VapiProvider: Rendering children
 VapiProvider: Rendering children
 VapiProvider: Rendering children
 VapiProvider: Rendering children
 VapiProvider: Rendering children
 VapiProvider: Rendering children
 VapiProvider: Rendering children
 VapiProvider: Received message Object
 VapiProvider: Rendering children
 VapiProvider: Rendering children
 Processing message 136: Object
 VapiProvider: Received message Object
 VapiProvider: Rendering children
 VapiProvider: Rendering children
 Processing message 137: Object
 VapiProvider: Received message Object
 VapiProvider: Rendering children
 VapiProvider: Rendering children
 Processing message 138: Object
 Error parsing updateOrderNotes arguments: 
processNewMessages @ VoiceControlledInfo.tsx:70
 VapiProvider: Received message Object
 VapiProvider: Rendering children
 VapiProvider: Rendering children
 Processing message 139: Object
 VapiProvider: Rendering children
 VapiProvider: Rendering children
 VapiProvider: Rendering children
 VapiProvider: Rendering children
 VapiProvider: Rendering children
 VapiProvider: Rendering children
 VapiProvider: Speech started
 VapiProvider: Rendering children
 VapiProvider: Rendering children
 VapiProvider: Rendering children
 VapiProvider: Rendering children
 VapiProvider: Rendering children
 VapiProvider: Rendering children
 VapiProvider: Received message Object
 VapiProvider: Rendering children
 VapiProvider: Rendering children
 Processing message 140: Object
 VapiProvider: Received message Object
 VapiProvider: Rendering children
 VapiProvider: Rendering children
 Processing message 141: Object
 VapiProvider: Received message Object
 VapiProvider: Rendering children
 VapiProvider: Rendering children
 Processing message 142: Object
 VapiProvider: Rendering children
 VapiProvider: Rendering children
 VapiProvider: Rendering children
 VapiProvider: Rendering children
 VapiProvider: Rendering children
 VapiProvider: Rendering children
 VapiProvider: Rendering children
 VapiProvider: Rendering children
 VapiProvider: Rendering children
 VapiProvider: Rendering children
 VapiProvider: Received message Object
 VapiProvider: Rendering children
 VapiProvider: Rendering children
 Processing message 143: Object
 VapiProvider: Received message Object
 VapiProvider: Rendering children
 VapiProvider: Rendering children
 Processing message 144: Object
 VapiProvider: Rendering children
 VapiProvider: Rendering children
 VapiProvider: Received message Object
 VapiProvider: Rendering children
 VapiProvider: Rendering children
 Processing message 145: Object
 VapiProvider: Rendering children
 VapiProvider: Rendering children
 VapiProvider: Received message Object
 VapiProvider: Rendering children
 VapiProvider: Rendering children
 Processing message 146: Object
 VapiProvider: Rendering children
 VapiProvider: Rendering children
 VapiProvider: Rendering children
 VapiProvider: Rendering children
 VapiProvider: Received message Object
 VapiProvider: Rendering children
 VapiProvider: Rendering children
 Processing message 147: Object
 VapiProvider: Received message Object
 VapiProvider: Rendering children
 VapiProvider: Rendering children
 Processing message 148: Object
 VapiProvider: Rendering children
 VapiProvider: Rendering children
 VapiProvider: Received message Object
 VapiProvider: Rendering children
 VapiProvider: Rendering children
 Processing message 149: Object
 VapiProvider: Received message Object
 VapiProvider: Rendering children
 VapiProvider: Rendering children
 Processing message 150: Object
 VapiProvider: Received message Object
 VapiProvider: Rendering children
 VapiProvider: Rendering children
 Processing message 151: Object
 VapiProvider: Received message Object
 VapiProvider: Rendering children
 VapiProvider: Rendering children
 Processing message 152: Object
 VapiProvider: Rendering children
 VapiProvider: Rendering children
 VapiProvider: Received message Object
 VapiProvider: Received message Object
 VapiProvider: Received message Object
 VapiProvider: Received message Object
 VapiProvider: Received message Object
 VapiProvider: Rendering children
 VapiProvider: Rendering children
 Processing message 153: Object
 Processing message 154: Object
 Processing message 155: Object
 Processing message 156: Object
 Processing message 157: Object
 VapiProvider: Received message Object
 VapiProvider: Rendering children
 VapiProvider: Rendering children
 Processing message 158: Object
 VapiProvider: Received message Object
 VapiProvider: Rendering children
 VapiProvider: Rendering children
 Processing message 159: Object
 VapiProvider: Received message Object
 VapiProvider: Rendering children
 VapiProvider: Rendering children
 Processing message 160: Object
 VapiProvider: Received message Object
 VapiProvider: Rendering children
 VapiProvider: Rendering children
 Processing message 161: Object
 VapiProvider: Received message Object
 VapiProvider: Received message Object
 VapiProvider: Received message Object
 VapiProvider: Received message Object
 VapiProvider: Rendering children
 VapiProvider: Rendering children
 Processing message 162: Object
 Processing message 163: Object
 Processing message 164: Object
 Processing message 165: Object
 VapiProvider: Received message Object
 VapiProvider: Rendering children
 VapiProvider: Rendering children
 Processing message 166: Object
 VapiProvider: Received message Object
 VapiProvider: Rendering children
 VapiProvider: Rendering children
 Processing message 167: Object
 VapiProvider: Rendering children
 VapiProvider: Rendering children
 VapiProvider: Received message Object
 VapiProvider: Rendering children
 VapiProvider: Rendering children
 Processing message 168: Object
 VapiProvider: Received message Object
 VapiProvider: Rendering children
 VapiProvider: Rendering children
 Processing message 169: Object
 VapiProvider: Received message Object
 VapiProvider: Rendering children
 VapiProvider: Rendering children
 Processing message 170: Object
 VapiProvider: Received message Object
 VapiProvider: Rendering children
 VapiProvider: Rendering children
 Processing message 171: Object
 VapiProvider: Received message Object
 VapiProvider: Rendering children
 VapiProvider: Rendering children
 Processing message 172: Object
 VapiProvider: Received message Object
 VapiProvider: Rendering children
 VapiProvider: Rendering children
 Processing message 173: Object
 VapiProvider: Rendering children
 VapiProvider: Rendering children
 VapiProvider: Speech ended
 VapiProvider: Rendering children
 VapiProvider: Rendering children
 VapiProvider: Rendering children
 VapiProvider: Rendering children
 VapiProvider: Rendering children
 VapiProvider: Rendering children
 VapiProvider: Rendering children
 VapiProvider: Rendering children
 VapiProvider: Received message Object
 VapiProvider: Rendering children
 VapiProvider: Rendering children
 Processing message 174: Object
 VapiProvider: Rendering children
 VapiProvider: Rendering children
 VapiProvider: Rendering children
 VapiProvider: Rendering children
 VapiProvider: Speech started
 VapiProvider: Rendering children
 VapiProvider: Rendering children
 VapiProvider: Rendering children
 VapiProvider: Rendering children
 VapiProvider: Rendering children
 VapiProvider: Rendering children
 VapiProvider: Rendering children
 VapiProvider: Rendering children
 VapiProvider: Rendering children
 VapiProvider: Rendering children
 VapiProvider: Rendering children
 VapiProvider: Rendering children
 VapiProvider: Rendering children
 VapiProvider: Rendering children
 VapiProvider: Rendering children
 VapiProvider: Rendering children
 VapiProvider: Rendering children
 VapiProvider: Rendering children
 VapiProvider: Rendering children
 VapiProvider: Rendering children
 VapiProvider: Received message Object
 VapiProvider: Rendering children
 VapiProvider: Rendering children
 Processing message 175: Object
 VapiProvider: Rendering children
 VapiProvider: Rendering children
 VapiProvider: Rendering children
 VapiProvider: Rendering children
 VapiProvider: Rendering children
 VapiProvider: Rendering children
 VapiProvider: Rendering children
 VapiProvider: Rendering children
 VapiProvider: Rendering children
 VapiProvider: Rendering children
 VapiProvider: Rendering children
 VapiProvider: Rendering children
 VapiProvider: Rendering children
 VapiProvider: Rendering children
 VapiProvider: Rendering children
 VapiProvider: Rendering children
 VapiProvider: Rendering children
 VapiProvider: Rendering children
 VapiProvider: Rendering children
 VapiProvider: Rendering children
 VapiProvider: Rendering children
 VapiProvider: Rendering children
 VapiProvider: Rendering children
 VapiProvider: Rendering children
 VapiProvider: Received message Object
 VapiProvider: Rendering children
 VapiProvider: Rendering children
 Processing message 176: Object
 VapiProvider: Rendering children
 VapiProvider: Rendering children
 VapiProvider: Rendering children
 VapiProvider: Rendering children
 VapiProvider: Received message Object
 VapiProvider: Rendering children
 VapiProvider: Rendering children
 Processing message 177: Object
 VapiProvider: Received message Object
 VapiProvider: Rendering children
 VapiProvider: Rendering children
 Processing message 178: Object
 VapiProvider: Rendering children
 VapiProvider: Rendering children
 VapiProvider: Rendering children
 VapiProvider: Rendering children
 VapiProvider: Rendering children
 VapiProvider: Rendering children
 VapiProvider: Rendering children
 VapiProvider: Rendering children
 VapiProvider: Rendering children
 VapiProvider: Rendering children
 VapiProvider: Rendering children
 VapiProvider: Rendering children
 VapiProvider: Rendering children
 VapiProvider: Rendering children
 VapiProvider: Received message Object
 VapiProvider: Rendering children
 VapiProvider: Rendering children
 Processing message 179: Object
 VapiProvider: Rendering children
 VapiProvider: Rendering children
 VapiProvider: Rendering children
 VapiProvider: Rendering children
 VapiProvider: Rendering children
 VapiProvider: Rendering children
 VapiProvider: Rendering children
 VapiProvider: Rendering children
 VapiProvider: Rendering children
 VapiProvider: Rendering children
 VapiProvider: Rendering children
 VapiProvider: Rendering children
 VapiProvider: Rendering children
 VapiProvider: Rendering children
 VapiProvider: Rendering children
 VapiProvider: Rendering children
 VapiProvider: Rendering children
 VapiProvider: Rendering children
 VapiProvider: Received message Object
 VapiProvider: Rendering children
 VapiProvider: Rendering children
 Processing message 180: Object
 VapiProvider: Rendering children
 VapiProvider: Rendering children
 VapiProvider: Rendering children
 VapiProvider: Rendering children
 VapiProvider: Rendering children
 VapiProvider: Rendering children
 VapiProvider: Rendering children
 VapiProvider: Rendering children
 VapiProvider: Received message Object
 VapiProvider: Rendering children
 VapiProvider: Rendering children
 Processing message 181: Object
 VapiProvider: Rendering children
 VapiProvider: Rendering children
 VapiProvider: Rendering children
 VapiProvider: Rendering children
 VapiProvider: Rendering children
 VapiProvider: Rendering children
 VapiProvider: Received message Object
 VapiProvider: Rendering children
 VapiProvider: Rendering children
 Processing message 182: Object
 VapiProvider: Rendering children
 VapiProvider: Rendering children
 VapiProvider: Received message Object
 VapiProvider: Rendering children
 VapiProvider: Rendering children
 Processing message 183: Object
 VapiProvider: Rendering children
 VapiProvider: Rendering children
 VapiProvider: Speech ended
 VapiProvider: Rendering children
 VapiProvider: Rendering children
 VapiProvider: Rendering children
 VapiProvider: Rendering children
 VapiProvider: Rendering children
 VapiProvider: Rendering children
 VapiProvider: Rendering children
 VapiProvider: Rendering children
 VapiProvider: Rendering children
 VapiProvider: Rendering children
 VapiProvider: Rendering children
 VapiProvider: Rendering children
 VapiProvider: Rendering children
 VapiProvider: Rendering children
 VapiProvider: Rendering children
 VapiProvider: Rendering children
 VapiProvider: Rendering children
 VapiProvider: Rendering children
 VapiProvider: Rendering children
 VapiProvider: Rendering children
 VapiProvider: Rendering children
 VapiProvider: Rendering children
 VapiProvider: Rendering children
 VapiProvider: Rendering children
 VapiProvider: Rendering children
 VapiProvider: Rendering children
 VapiProvider: Rendering children
 VapiProvider: Rendering children
 VapiProvider: Rendering children
 VapiProvider: Rendering children
 VapiProvider: Rendering children
 VapiProvider: Rendering children
 VapiProvider: Rendering children
 VapiProvider: Rendering children
 VapiProvider: Rendering children
 VapiProvider: Rendering children
 VapiProvider: Rendering children
 VapiProvider: Rendering children
 VapiProvider: Rendering children
 VapiProvider: Rendering children
 VapiProvider: Rendering children
 VapiProvider: Rendering children
 VapiProvider: Rendering children
 VapiProvider: Rendering children
 VapiProvider: Rendering children
 VapiProvider: Rendering children
 VapiProvider: Rendering children
 VapiProvider: Rendering children
VapiContext.tsx:100 VapiProvider: Rendering children
VapiContext.tsx:100 VapiProvider: Rendering children
VapiContext.tsx:100 VapiProvider: Rendering children
VapiContext.tsx:100 VapiProvider: Rendering children
VapiContext.tsx:100 VapiProvider: Rendering children
VapiContext.tsx:100 VapiProvider: Rendering children
VapiContext.tsx:100 VapiProvider: Rendering children
VapiContext.tsx:100 VapiProvider: Rendering children
VapiContext.tsx:100 VapiProvider: Rendering children
VapiContext.tsx:100 VapiProvider: Rendering children
VapiContext.tsx:100 VapiProvider: Rendering children
VapiContext.tsx:100 VapiProvider: Rendering children
VapiContext.tsx:100 VapiProvider: Rendering children
VapiContext.tsx:100 VapiProvider: Rendering children
VapiContext.tsx:100 VapiProvider: Rendering children
VapiContext.tsx:100 VapiProvider: Rendering children
VapiContext.tsx:100 VapiProvider: Rendering children
VapiContext.tsx:100 VapiProvider: Rendering children
VapiContext.tsx:100 VapiProvider: Rendering children
VapiContext.tsx:100 VapiProvider: Rendering children
VapiContext.tsx:100 VapiProvider: Rendering children
VapiContext.tsx:100 VapiProvider: Rendering children
VapiContext.tsx:100 VapiProvider: Rendering children
VapiContext.tsx:100 VapiProvider: Rendering children
VapiContext.tsx:100 VapiProvider: Rendering children
VapiContext.tsx:100 VapiProvider: Rendering children
VapiContext.tsx:100 VapiProvider: Rendering children
VapiContext.tsx:100 VapiProvider: Rendering children
VapiContext.tsx:100 VapiProvider: Rendering children
VapiContext.tsx:100 VapiProvider: Rendering children
VapiContext.tsx:100 VapiProvider: Rendering children
VapiContext.tsx:100 VapiProvider: Rendering children
VapiContext.tsx:100 VapiProvider: Rendering children
VapiContext.tsx:100 VapiProvider: Rendering children
VapiContext.tsx:100 VapiProvider: Rendering children
VapiContext.tsx:100 VapiProvider: Rendering children
VapiContext.tsx:100 VapiProvider: Rendering children
VapiContext.tsx:100 VapiProvider: Rendering children
VapiContext.tsx:100 VapiProvider: Rendering children
VapiContext.tsx:100 VapiProvider: Rendering children
VapiContext.tsx:100 VapiProvider: Rendering children
VapiContext.tsx:100 VapiProvider: Rendering children
VapiContext.tsx:100 VapiProvider: Rendering children
VapiContext.tsx:100 VapiProvider: Rendering children
VapiContext.tsx:100 VapiProvider: Rendering children
VapiContext.tsx:100 VapiProvider: Rendering children
VapiContext.tsx:100 VapiProvider: Rendering children
VapiContext.tsx:100 VapiProvider: Rendering children
VapiContext.tsx:100 VapiProvider: Rendering children
VapiContext.tsx:100 VapiProvider: Rendering children
VapiContext.tsx:100 VapiProvider: Rendering children
VapiContext.tsx:100 VapiProvider: Rendering children
VapiContext.tsx:100 VapiProvider: Rendering children
VapiContext.tsx:100 VapiProvider: Rendering children
VapiContext.tsx:100 VapiProvider: Rendering children
VapiContext.tsx:100 VapiProvider: Rendering children
VapiContext.tsx:100 VapiProvider: Rendering children
VapiContext.tsx:100 VapiProvider: Rendering children
VapiContext.tsx:100 VapiProvider: Rendering children
VapiContext.tsx:100 VapiProvider: Rendering children
VapiContext.tsx:100 VapiProvider: Rendering children
VapiContext.tsx:100 VapiProvider: Rendering children
VapiContext.tsx:100 VapiProvider: Rendering children
VapiContext.tsx:100 VapiProvider: Rendering children
VapiContext.tsx:100 VapiProvider: Rendering children
VapiContext.tsx:100 VapiProvider: Rendering children
VapiContext.tsx:100 VapiProvider: Rendering children
VapiContext.tsx:100 VapiProvider: Rendering children
VapiContext.tsx:100 VapiProvider: Rendering children
VapiContext.tsx:100 VapiProvider: Rendering children
VapiContext.tsx:100 VapiProvider: Rendering children
VapiContext.tsx:100 VapiProvider: Rendering children
VapiContext.tsx:100 VapiProvider: Rendering children
VapiContext.tsx:100 VapiProvider: Rendering children
VapiContext.tsx:100 VapiProvider: Rendering children
VapiContext.tsx:100 VapiProvider: Rendering children
VapiContext.tsx:100 VapiProvider: Rendering children
VapiContext.tsx:100 VapiProvider: Rendering children
VapiContext.tsx:100 VapiProvider: Rendering children
VapiContext.tsx:100 VapiProvider: Rendering children
VapiContext.tsx:100 VapiProvider: Rendering children
VapiContext.tsx:100 VapiProvider: Rendering children
VapiContext.tsx:100 VapiProvider: Rendering children
VapiContext.tsx:100 VapiProvider: Rendering children
VapiContext.tsx:100 VapiProvider: Rendering children
VapiContext.tsx:100 VapiProvider: Rendering children
VapiContext.tsx:100 VapiProvider: Rendering children
VapiContext.tsx:100 VapiProvider: Rendering children
VapiContext.tsx:100 VapiProvider: Rendering children
VapiContext.tsx:100 VapiProvider: Rendering children
VapiContext.tsx:100 VapiProvider: Rendering children
VapiContext.tsx:100 VapiProvider: Rendering children
VapiContext.tsx:100 VapiProvider: Rendering children
VapiContext.tsx:100 VapiProvider: Rendering children
VapiContext.tsx:100 VapiProvider: Rendering children
VapiContext.tsx:100 VapiProvider: Rendering children
VapiContext.tsx:100 VapiProvider: Rendering children
VapiContext.tsx:100 VapiProvider: Rendering children
VapiContext.tsx:100 VapiProvider: Rendering children
VapiContext.tsx:100 VapiProvider: Rendering children
VapiContext.tsx:100 VapiProvider: Rendering children
VapiContext.tsx:100 VapiProvider: Rendering children
VapiContext.tsx:100 VapiProvider: Rendering children
VapiContext.tsx:100 VapiProvider: Rendering children
VapiContext.tsx:100 VapiProvider: Rendering children
VapiContext.tsx:100 VapiProvider: Rendering children
VapiContext.tsx:100 VapiProvider: Rendering children
VapiContext.tsx:100 VapiProvider: Rendering children
VapiContext.tsx:100 VapiProvider: Rendering children
VapiContext.tsx:100 VapiProvider: Rendering children
VapiContext.tsx:100 VapiProvider: Rendering children
VapiContext.tsx:100 VapiProvider: Rendering children
VapiContext.tsx:100 VapiProvider: Rendering children
VapiContext.tsx:100 VapiProvider: Rendering children
VapiContext.tsx:100 VapiProvider: Rendering children
VapiContext.tsx:100 VapiProvider: Rendering children
VapiContext.tsx:100 VapiProvider: Rendering children
VapiContext.tsx:100 VapiProvider: Rendering children
VapiContext.tsx:100 VapiProvider: Rendering children
VapiContext.tsx:100 VapiProvider: Rendering children
VapiContext.tsx:100 VapiProvider: Rendering children
VapiContext.tsx:100 VapiProvider: Rendering children
VapiContext.tsx:100 VapiProvider: Rendering children
VapiContext.tsx:100 VapiProvider: Rendering children
VapiContext.tsx:100 VapiProvider: Rendering children
VapiContext.tsx:100 VapiProvider: Rendering children
VapiContext.tsx:100 VapiProvider: Rendering children
VapiContext.tsx:100 VapiProvider: Rendering children
VapiContext.tsx:100 VapiProvider: Rendering children
 VapiProvider: Rendering children
 VapiProvider: Rendering children
 VapiProvider: Rendering children
 VapiProvider: Rendering children
 VapiProvider: Rendering children
 VapiProvider: Rendering children
 VapiProvider: Rendering children
 VapiProvider: Rendering children
 VapiProvider: Rendering children
 VapiProvider: Rendering children
 VapiProvider: Rendering children
 VapiProvider: Rendering children
 VapiProvider: Rendering children
 VapiProvider: Rendering children
 VapiProvider: Rendering children
 VapiProvider: Rendering children
 VapiProvider: Rendering children
 VapiProvider: Rendering children
 VapiProvider: Rendering children
 VapiProvider: Rendering children
 VapiProvider: Rendering children
 VapiProvider: Rendering children
 VapiProvider: Rendering children
 VapiProvider: Rendering children
 VapiProvider: Rendering children
 VapiProvider: Rendering children
 VapiProvider: Rendering children
 VapiProvider: Rendering children
 VapiProvider: Rendering children
 VapiProvider: Rendering children
 VapiProvider: Rendering children
 VapiProvider: Rendering children
 VapiProvider: Rendering children
 VapiProvider: Rendering children
 VapiProvider: Rendering children
 VapiProvider: Rendering children
 VapiProvider: Rendering children
 VapiProvider: Rendering children
 VapiProvider: Rendering children
 VapiProvider: Rendering children
 VapiProvider: Rendering children
 VapiProvider: Rendering children
 VapiProvider: Rendering children
 VapiProvider: Rendering children
 VapiProvider: Rendering children
 VapiProvider: Rendering children
 VapiProvider: Rendering children
 VapiProvider: Rendering children
 VapiProvider: Rendering children
 VapiProvider: Rendering children
 VapiProvider: Rendering children
 VapiProvider: Rendering children
 VapiProvider: Rendering children
 VapiProvider: Rendering children
 VapiProvider: Rendering children
 VapiProvider: Rendering children
 VapiProvider: Rendering children
 VapiProvider: Rendering children
 VapiProvider: Rendering children
 VapiProvider: Rendering children
 VapiProvider: Rendering children
 VapiProvider: Rendering children
 VapiProvider: Rendering children
 VapiProvider: Rendering children
 VapiProvider: Rendering children
 VapiProvider: Rendering children
 VapiProvider: Rendering children
 VapiProvider: Rendering children
 VapiProvider: Rendering children
 VapiProvider: Rendering children
 VapiProvider: Rendering children
 VapiProvider: Rendering children
 VapiProvider: Rendering children
 VapiProvider: Rendering children
 VapiProvider: Rendering children
 VapiProvider: Rendering children
 VapiProvider: Rendering children
 VapiProvider: Rendering children
 VapiProvider: Rendering children
 VapiProvider: Rendering children
 VapiProvider: Rendering children
 VapiProvider: Rendering children
 VapiProvider: Rendering children
 VapiProvider: Rendering children
 VapiProvider: Rendering children
 VapiProvider: Rendering children
 VapiProvider: Rendering children
 VapiProvider: Rendering children
 VapiProvider: Rendering children
 VapiProvider: Rendering children
 VapiProvider: Rendering children
 VapiProvider: Rendering children
 VapiProvider: Rendering children
 VapiProvider: Rendering children
 VapiProvider: Rendering children
 VapiProvider: Rendering children
 VapiProvider: Rendering children
 VapiProvider: Rendering children
 VapiProvider: Rendering children
 VapiProvider: Rendering children
 VapiProvider: Rendering children
 VapiProvider: Rendering children
 VapiProvider: Rendering children
 VapiProvider: Rendering children
 VapiProvider: Rendering children
