 VapiProvider: Rendering children
 VapiProvider: Received message Object
 VapiProvider: Rendering children
 VapiProvider: Rendering children
 Processing message 129: Object
 VapiProvider: Rendering children
 VapiProvider: Rendering children
 VapiProvider: Received message Object
 VapiProvider: Rendering children
 VapiProvider: Rendering children
 Processing message 130: Object
 VapiProvider: Rendering children
 VapiProvider: Rendering children
 VapiProvider: Received message Object
 VapiProvider: Rendering children
 VapiProvider: Rendering children
 Processing message 131: Object
 VapiProvider: Rendering children
 VapiProvider: Rendering children
 VapiProvider: Rendering children
 VapiProvider: Rendering children
 VapiProvider: Rendering children
 VapiProvider: Rendering children
 VapiProvider: Speech ended
 VapiProvider: Rendering children
 VapiProvider: Rendering children
 VapiProvider: Rendering children
 VapiProvider: Rendering children
 VapiProvider: Rendering children
 VapiProvider: Rendering children
 VapiProvider: Rendering children
 VapiProvider: Rendering children
 VapiProvider: Rendering children
 VapiProvider: Rendering children
 VapiProvider: Rendering children
 VapiProvider: Rendering children
 VapiProvider: Received message Object
 VapiProvider: Rendering children
 VapiProvider: Rendering children
 Processing message 132: Object
 VapiProvider: Received message Object
 VapiProvider: Rendering children
 VapiProvider: Rendering children
 Processing message 133: Object
 VapiProvider: Received message Object
 VapiProvider: Rendering children
 VapiProvider: Rendering children
 Processing message 134: Object
 VapiProvider: Rendering children
 VapiProvider: Rendering children
 VapiProvider: Rendering children
 VapiProvider: Rendering children
 VapiProvider: Received message Object
 VapiProvider: Rendering children
 VapiProvider: Rendering children
 Processing message 135: Object
 VapiProvider: Rendering children
 VapiProvider: Rendering children
 VapiProvider: Received message Object
 VapiProvider: Rendering children
 VapiProvider: Rendering children
 Processing message 136: Object
 VapiProvider: Received message Object
 VapiProvider: Received message Object
 VapiProvider: Received message Object
 VapiProvider: Received message Object
 VapiProvider: Received message Object
 VapiProvider: Received message Object
 VapiProvider: Received message Object
 VapiProvider: Received message Object
 VapiProvider: Received message Object
 VapiProvider: Rendering children
 VapiProvider: Rendering children
 Processing message 137: Object
 Processing message 138: Object
 Processing message 139: Object
 Processing message 140: Object
 Processing message 141: Object
 Processing message 142: Object
 Processing message 143: Object
 Processing message 144: Object
 Processing message 145: Object
 VapiProvider: Received message Object
 VapiProvider: Rendering children
 VapiProvider: Rendering children
 Processing message 146: Object
 VapiProvider: Rendering children
 VapiProvider: Rendering children
 VapiProvider: Rendering children
 VapiProvider: Rendering children
 VapiProvider: Rendering children
 VapiProvider: Rendering children
 VapiProvider: Rendering children
 VapiProvider: Rendering children
 VapiProvider: Received message Object
 VapiProvider: Rendering children
 VapiProvider: Rendering children
 Processing message 147: Object
 VapiProvider: Rendering children
 VapiProvider: Rendering children
 VapiProvider: Rendering children
 VapiProvider: Rendering children
 VapiProvider: Rendering children
 VapiProvider: Rendering children
 VapiProvider: Rendering children
 VapiProvider: Rendering children
 VapiProvider: Speech started
 VapiProvider: Rendering children
 VapiProvider: Rendering children
 VapiProvider: Rendering children
 VapiProvider: Rendering children
 VapiProvider: Rendering children
 VapiProvider: Rendering children
 VapiProvider: Rendering children
 VapiProvider: Rendering children
 VapiProvider: Rendering children
 VapiProvider: Rendering children
 VapiProvider: Rendering children
 VapiProvider: Rendering children
 VapiProvider: Received message Object
 VapiProvider: Rendering children
 VapiProvider: Rendering children
 Processing message 148: Object
 VapiProvider: Rendering children
 VapiProvider: Rendering children
 VapiProvider: Rendering children
 VapiProvider: Rendering children
 VapiProvider: Rendering children
 VapiProvider: Rendering children
 VapiProvider: Rendering children
 VapiProvider: Rendering children
 VapiProvider: Rendering children
 VapiProvider: Rendering children
 VapiProvider: Rendering children
 VapiProvider: Rendering children
 VapiProvider: Rendering children
 VapiProvider: Rendering children
 VapiProvider: Rendering children
 VapiProvider: Rendering children
 VapiProvider: Rendering children
 VapiProvider: Rendering children
 VapiProvider: Rendering children
 VapiProvider: Rendering children
 VapiProvider: Rendering children
 VapiProvider: Rendering children
 VapiProvider: Rendering children
 VapiProvider: Rendering children
 VapiProvider: Received message Object
 VapiProvider: Rendering children
 VapiProvider: Rendering children
 Processing message 149: Object
 VapiProvider: Rendering children
 VapiProvider: Rendering children
 VapiProvider: Rendering children
 VapiProvider: Rendering children
 VapiProvider: Rendering children
 VapiProvider: Rendering children
 VapiProvider: Received message Object
 VapiProvider: Rendering children
 VapiProvider: Rendering children
 Processing message 150: Object
 VapiProvider: Rendering children
 VapiProvider: Rendering children
 VapiProvider: Rendering children
 VapiProvider: Rendering children
 VapiProvider: Received message Object
 VapiProvider: Rendering children
 VapiProvider: Rendering children
 Processing message 151: Object
 VapiProvider: Rendering children
 VapiProvider: Rendering children
 VapiProvider: Received message Object
 VapiProvider: Rendering children
 VapiProvider: Rendering children
 Processing message 152: Object
 VapiProvider: Rendering children
 VapiProvider: Rendering children
 VapiProvider: Received message Object
 VapiProvider: Rendering children
 VapiProvider: Rendering children
 Processing message 153: Object
 VapiProvider: Rendering children
 VapiProvider: Rendering children
 VapiProvider: Rendering children
 VapiProvider: Rendering children
 VapiProvider: Rendering children
 VapiProvider: Rendering children
 VapiProvider: Rendering children
 VapiProvider: Rendering children
 VapiProvider: Received message Object
 VapiProvider: Rendering children
 VapiProvider: Rendering children
 Processing message 154: Object
 VapiProvider: Rendering children
 VapiProvider: Rendering children
 VapiProvider: Rendering children
 VapiProvider: Rendering children
 VapiProvider: Speech ended
 VapiProvider: Rendering children
 VapiProvider: Rendering children
 VapiProvider: Rendering children
 VapiProvider: Rendering children
 VapiProvider: Rendering children
 VapiProvider: Rendering children
 VapiProvider: Rendering children
 VapiProvider: Rendering children
 VapiProvider: Rendering children
 VapiProvider: Rendering children
 VapiProvider: Rendering children
 VapiProvider: Rendering children
 VapiProvider: Received message Object
 VapiProvider: Rendering children
 VapiProvider: Rendering children
 Processing message 155: Object
 VapiProvider: Rendering children
 VapiProvider: Rendering children
 VapiProvider: Rendering children
 VapiProvider: Rendering children
 VapiProvider: Rendering children
 VapiProvider: Rendering children
 VapiProvider: Rendering children
 VapiProvider: Rendering children
 VapiProvider: Rendering children
 VapiProvider: Rendering children
 VapiProvider: Rendering children
 VapiProvider: Rendering children
 VapiProvider: Rendering children
 VapiProvider: Rendering children
 VapiProvider: Received message Object
 VapiProvider: Rendering children
 VapiProvider: Rendering children
 Processing message 156: Object
 VapiProvider: Rendering children
 VapiProvider: Rendering children
 VapiProvider: Received message Object
 VapiProvider: Rendering children
 VapiProvider: Rendering children
 Processing message 157: Object
 VapiProvider: Received message Object
 VapiProvider: Rendering children
 VapiProvider: Rendering children
 Processing message 158: Object
 VapiProvider: Rendering children
 VapiProvider: Rendering children
 VapiProvider: Rendering children
 VapiProvider: Rendering children
 VapiProvider: Received message Object
 VapiProvider: Rendering children
 VapiProvider: Rendering children
 Processing message 159: Object
 VapiProvider: Rendering children
 VapiProvider: Rendering children
 VapiProvider: Received message Object
 VapiProvider: Rendering children
 VapiProvider: Rendering children
 Processing message 160: Object
 VapiProvider: Received message Object
 VapiProvider: Rendering children
 VapiProvider: Rendering children
 Processing message 161: Object
 VapiProvider: Received message Object
 VapiProvider: Received message Object
 VapiProvider: Received message Object
 VapiProvider: Received message Object
 VapiProvider: Received message Object
 VapiProvider: Rendering children
 VapiProvider: Rendering children
 Processing message 162: Object
 Processing message 163: Object
 Processing message 164: Object
 Processing message 165: Object
 Processing message 166: Object
 VapiProvider: Received message Object
 VapiProvider: Rendering children
 VapiProvider: Rendering children
 Processing message 167: Object
 VapiProvider: Received message Object
 VapiProvider: Rendering children
 VapiProvider: Rendering children
 Processing message 168: Object
 VapiProvider: Rendering children
 VapiProvider: Rendering children
 VapiProvider: Rendering children
 VapiProvider: Rendering children
 VapiProvider: Received message Object
 VapiProvider: Rendering children
 VapiProvider: Rendering children
 Processing message 169: Object
 VapiProvider: Rendering children
 VapiProvider: Rendering children
 VapiProvider: Rendering children
 VapiProvider: Rendering children
 VapiProvider: Rendering children
 VapiProvider: Rendering children
 VapiProvider: Received message Object
 VapiProvider: Rendering children
 VapiProvider: Rendering children
 Processing message 170: Object
 VapiProvider: Rendering children
 VapiProvider: Rendering children
 VapiProvider: Rendering children
 VapiProvider: Rendering children
 VapiProvider: Rendering children
 VapiProvider: Rendering children
 VapiProvider: Rendering children
 VapiProvider: Rendering children
 VapiProvider: Rendering children
 VapiProvider: Rendering children
 VapiProvider: Received message Object
 VapiProvider: Rendering children
 VapiProvider: Rendering children
 Processing message 171: Object
 VapiProvider: Rendering children
 VapiProvider: Rendering children
 VapiProvider: Received message Object
 VapiProvider: Rendering children
 VapiProvider: Rendering children
 Processing message 172: Object
 VapiProvider: Received message Object
 VapiProvider: Rendering children
 VapiProvider: Rendering children
 Processing message 173: Object
 VapiProvider: Rendering children
 VapiProvider: Rendering children
 VapiProvider: Rendering children
 VapiProvider: Rendering children
 VapiProvider: Received message Object
 VapiProvider: Rendering children
 VapiProvider: Rendering children
 Processing message 174: Object
 VapiProvider: Received message Object
 VapiProvider: Rendering children
 VapiProvider: Rendering children
 Processing message 175: Object
 VapiProvider: Received message Object
 VapiProvider: Rendering children
 VapiProvider: Rendering children
 Processing message 176: Object
 VapiProvider: Rendering children
 VapiProvider: Rendering children
 VapiProvider: Received message Object
 VapiProvider: Rendering children
 VapiProvider: Rendering children
 Processing message 177: Object
 VapiProvider: Received message Object
 VapiProvider: Rendering children
 VapiProvider: Rendering children
 Processing message 178: Object
 VapiProvider: Received message Object
 VapiProvider: Rendering children
 VapiProvider: Rendering children
 Processing message 179: Object
 VapiProvider: Received message Object
 VapiProvider: Rendering children
 VapiProvider: Rendering children
 Processing message 180: Object
 VapiProvider: Received message Object
 VapiProvider: Rendering children
 VapiProvider: Rendering children
 Processing message 181: Object
 VapiProvider: Received message Object
 VapiProvider: Rendering children
 VapiProvider: Rendering children
 Processing message 182: Object
 VapiProvider: Rendering children
 VapiProvider: Rendering children
 VapiProvider: Received message Object
 VapiProvider: Received message Object
 VapiProvider: Received message Object
 VapiProvider: Rendering children
 VapiProvider: Rendering children
 Processing message 183: Object
 Processing message 184: Object
 Processing message 185: Object
 VapiProvider: Rendering children
 VapiProvider: Rendering children
 VapiProvider: Rendering children
 VapiProvider: Rendering children
 VapiProvider: Received message Object
 VapiProvider: Rendering children
 VapiProvider: Rendering children
 Processing message 186: Object
 VapiProvider: Received message Object
 VapiProvider: Rendering children
 VapiProvider: Rendering children
 Processing message 187: Object
 VapiProvider: Received message Object
 VapiProvider: Received message Object
 VapiProvider: Rendering children
 VapiProvider: Rendering children
 Processing message 188: Object
 Processing message 189: Object
 VapiProvider: Rendering children
 VapiProvider: Rendering children
 VapiProvider: Rendering children
 VapiProvider: Rendering children
 VapiProvider: Rendering children
 VapiProvider: Rendering children
 VapiProvider: Speech started
 VapiProvider: Rendering children
 VapiProvider: Rendering children
 VapiProvider: Rendering children
 VapiProvider: Rendering children
 VapiProvider: Rendering children
 VapiProvider: Rendering children
 VapiProvider: Rendering children
 VapiProvider: Rendering children
 VapiProvider: Rendering children
 VapiProvider: Rendering children
 VapiProvider: Rendering children
 VapiProvider: Rendering children
 VapiProvider: Rendering children
 VapiProvider: Rendering children
 VapiProvider: Rendering children
 VapiProvider: Rendering children
 VapiProvider: Rendering children
 VapiProvider: Rendering children
 VapiProvider: Rendering children
 VapiProvider: Rendering children
 VapiProvider: Received message Object
 VapiProvider: Rendering children
 VapiProvider: Rendering children
 Processing message 190: Object
 VapiProvider: Rendering children
 VapiProvider: Rendering children
 VapiProvider: Rendering children
 VapiProvider: Rendering children
 VapiProvider: Received message Object
 VapiProvider: Rendering children
 VapiProvider: Rendering children
 Processing message 191: Object
 VapiProvider: Received message Object
 VapiProvider: Rendering children
 VapiProvider: Rendering children
 Processing message 192: Object
 VapiProvider: Rendering children
 VapiProvider: Rendering children
 VapiProvider: Received message Object
 VapiProvider: Rendering children
 VapiProvider: Rendering children
 Processing message 193: Object
 VapiProvider: Rendering children
 VapiProvider: Rendering children
 VapiProvider: Rendering children
 VapiProvider: Rendering children
 VapiProvider: Received message Object
 VapiProvider: Rendering children
 VapiProvider: Rendering children
 Processing message 194: Object
 VapiProvider: Received message Object
 VapiProvider: Rendering children
 VapiProvider: Rendering children
 Processing message 195: Object
 VapiProvider: Rendering children
 VapiProvider: Rendering children
 VapiProvider: Rendering children
 VapiProvider: Rendering children
 VapiProvider: Received message Object
 VapiProvider: Rendering children
 VapiProvider: Rendering children
 Processing message 196: Object
 VapiProvider: Received message Object
 VapiProvider: Rendering children
 VapiProvider: Rendering children
 Processing message 197: Object
 VapiProvider: Received message Object
 VapiProvider: Rendering children
 VapiProvider: Rendering children
 Processing message 198: Object
 VapiProvider: Received message Object
 VapiProvider: Received message Object
 VapiProvider: Received message Object
 VapiProvider: Received message Object
 VapiProvider: Rendering children
 VapiProvider: Rendering children
 Processing message 199: Object
 Processing message 200: Object
 Processing message 201: Object
 Processing message 202: Object
 VapiProvider: Rendering children
 VapiProvider: Rendering children
 VapiProvider: Received message Object
 VapiProvider: Rendering children
 VapiProvider: Rendering children
 Processing message 203: Object
 VapiProvider: Received message Object
 VapiProvider: Rendering children
 VapiProvider: Rendering children
 Processing message 204: Object
 VapiProvider: Received message Object
 VapiProvider: Rendering children
 VapiProvider: Rendering children
 Processing message 205: Object
 VapiProvider: Rendering children
 VapiProvider: Rendering children
 VapiProvider: Speech ended
 VapiProvider: Rendering children
 VapiProvider: Rendering children
 VapiProvider: Rendering children
 VapiProvider: Rendering children
 VapiProvider: Rendering children
 VapiProvider: Rendering children
 VapiProvider: Received message Object
 VapiProvider: Rendering children
 VapiProvider: Rendering children
 Processing message 206: Object
 VapiProvider: Rendering children
 VapiProvider: Rendering children
 VapiProvider: Rendering children
 VapiProvider: Rendering children
 VapiProvider: Rendering children
 VapiProvider: Rendering children
 VapiProvider: Rendering children
 VapiProvider: Rendering children
 VapiProvider: Rendering children
 VapiProvider: Rendering children
 VapiProvider: Speech started
 VapiProvider: Rendering children
 VapiProvider: Rendering children
 VapiProvider: Rendering children
 VapiProvider: Rendering children
 VapiProvider: Rendering children
 VapiProvider: Rendering children
 VapiProvider: Rendering children
 VapiProvider: Rendering children
 VapiProvider: Rendering children
 VapiProvider: Rendering children
 VapiProvider: Rendering children
 VapiProvider: Rendering children
 VapiProvider: Rendering children
 VapiProvider: Rendering children
 VapiProvider: Rendering children
 VapiProvider: Rendering children
 VapiProvider: Rendering children
 VapiProvider: Rendering children
 VapiProvider: Rendering children
 VapiProvider: Rendering children
 VapiProvider: Received message Object
 VapiProvider: Rendering children
 VapiProvider: Rendering children
 Processing message 207: Object
 VapiProvider: Rendering children
 VapiProvider: Rendering children
 VapiProvider: Rendering children
 VapiProvider: Rendering children
 VapiProvider: Rendering children
 VapiProvider: Rendering children
 VapiProvider: Rendering children
 VapiProvider: Rendering children
 VapiProvider: Rendering children
 VapiProvider: Rendering children
 VapiProvider: Rendering children
 VapiProvider: Rendering children
 VapiProvider: Rendering children
 VapiProvider: Rendering children
 VapiProvider: Rendering children
 VapiProvider: Rendering children
 VapiProvider: Received message Object
 VapiProvider: Rendering children
 VapiProvider: Rendering children
 Processing message 208: Object
 VapiProvider: Received message Object
 VapiProvider: Rendering children
 VapiProvider: Rendering children
 Processing message 209: Object
 VapiProvider: Rendering children
 VapiProvider: Rendering children
 VapiProvider: Rendering children
 VapiProvider: Rendering children
 VapiProvider: Rendering children
 VapiProvider: Rendering children
 VapiProvider: Rendering children
 VapiProvider: Rendering children
 VapiProvider: Rendering children
 VapiProvider: Rendering children
 VapiProvider: Rendering children
 VapiProvider: Rendering children
 VapiProvider: Rendering children
 VapiProvider: Rendering children
 VapiProvider: Received message Object
 VapiProvider: Rendering children
 VapiProvider: Rendering children
 Processing message 210: Object
 VapiProvider: Rendering children
 VapiProvider: Rendering children
 VapiProvider: Received message Object
 VapiProvider: Rendering children
 VapiProvider: Rendering children
 Processing message 211: Object
 VapiProvider: Rendering children
 VapiProvider: Rendering children
 VapiProvider: Rendering children
 VapiProvider: Rendering children
 VapiProvider: Speech ended
 VapiProvider: Rendering children
 VapiProvider: Rendering children
 VapiProvider: Rendering children
 VapiProvider: Rendering children
 VapiProvider: Rendering children
 VapiProvider: Rendering children
 VapiProvider: Rendering children
 VapiProvider: Rendering children
 VapiProvider: Rendering children
 VapiProvider: Rendering children
 VapiProvider: Rendering children
 VapiProvider: Rendering children
 VapiProvider: Received message Object
 VapiProvider: Rendering children
 VapiProvider: Rendering children
 Processing message 212: Object
 VapiProvider: Rendering children
 VapiProvider: Rendering children
 VapiProvider: Rendering children
 VapiProvider: Rendering children
 VapiProvider: Rendering children
 VapiProvider: Rendering children
 VapiProvider: Rendering children
 VapiProvider: Rendering children
 VapiProvider: Rendering children
 VapiProvider: Rendering children
 VapiProvider: Rendering children
 VapiProvider: Rendering children
 VapiProvider: Rendering children
 VapiProvider: Rendering children
 VapiProvider: Rendering children
 VapiProvider: Rendering children
 VapiProvider: Rendering children
 VapiProvider: Rendering children
 VapiProvider: Rendering children
 VapiProvider: Rendering children
 VapiProvider: Rendering children
 VapiProvider: Rendering children
 VapiProvider: Received message Object
 VapiProvider: Rendering children
 VapiProvider: Rendering children
 Processing message 213: Object
 VapiProvider: Rendering children
 VapiProvider: Rendering children
 VapiProvider: Rendering children
 VapiProvider: Rendering children
 VapiProvider: Rendering children
 VapiProvider: Rendering children
 VapiProvider: Rendering children
 VapiProvider: Rendering children
 VapiProvider: Rendering children
 VapiProvider: Rendering children
 VapiProvider: Rendering children
 VapiProvider: Rendering children
 VapiProvider: Rendering children
 VapiProvider: Rendering children
 VapiProvider: Rendering children
 VapiProvider: Rendering children
 VapiProvider: Rendering children
 VapiProvider: Rendering children
 VapiProvider: Received message Object
 VapiProvider: Rendering children
 VapiProvider: Rendering children
 Processing message 214: Object
 VapiProvider: Rendering children
 VapiProvider: Rendering children
 VapiProvider: Rendering children
 VapiProvider: Rendering children
 VapiProvider: Rendering children
 VapiProvider: Rendering children
 VapiProvider: Rendering children
 VapiProvider: Rendering children
 VapiProvider: Rendering children
 VapiProvider: Rendering children
 VapiProvider: Rendering children
 VapiProvider: Rendering children
 VapiProvider: Rendering children
 VapiProvider: Rendering children
 VapiProvider: Rendering children
 VapiProvider: Rendering children
 VapiProvider: Rendering children
 VapiProvider: Rendering children
 VapiProvider: Rendering children
 VapiProvider: Rendering children
 VapiProvider: Rendering children
 VapiProvider: Rendering children
 VapiProvider: Rendering children
 VapiProvider: Rendering children
 VapiProvider: Rendering children
 VapiProvider: Rendering children
 VapiProvider: Received message Object
 VapiProvider: Rendering children
 VapiProvider: Rendering children
 Processing message 215: Object
 VapiProvider: Rendering children
 VapiProvider: Rendering children
 VapiProvider: Rendering children
 VapiProvider: Rendering children
 VapiProvider: Rendering children
 VapiProvider: Rendering children
 VapiProvider: Rendering children
 VapiProvider: Rendering children
 VapiProvider: Received message Object
 VapiProvider: Rendering children
 VapiProvider: Rendering children
 Processing message 216: Object
 VapiProvider: Rendering children
 VapiProvider: Rendering children
 VapiProvider: Received message Object
 VapiProvider: Rendering children
 VapiProvider: Rendering children
 Processing message 217: Object
 VapiProvider: Received message Object
 VapiProvider: Rendering children
 VapiProvider: Rendering children
 Processing message 218: Object
 VapiProvider: Rendering children
 VapiProvider: Rendering children
 VapiProvider: Rendering children
 VapiProvider: Rendering children
 VapiProvider: Rendering children
 VapiProvider: Rendering children
 VapiProvider: Received message Object
 VapiProvider: Rendering children
 VapiProvider: Rendering children
 Processing message 219: Object
 VapiProvider: Rendering children
 VapiProvider: Rendering children
 VapiProvider: Received message Object
 VapiProvider: Received message Object
 VapiProvider: Received message Object
 VapiProvider: Rendering children
 VapiProvider: Rendering children
 Processing message 220: Object
 Processing message 221: Object
 Processing message 222: Object
 VapiProvider: Rendering children
 VapiProvider: Rendering children
 VapiProvider: Rendering children
 VapiProvider: Rendering children
 VapiProvider: Rendering children
 VapiProvider: Rendering children
 VapiProvider: Speech started
 VapiProvider: Rendering children
 VapiProvider: Rendering children
 VapiProvider: Rendering children
 VapiProvider: Rendering children
 VapiProvider: Rendering children
 VapiProvider: Rendering children
 VapiProvider: Rendering children
 VapiProvider: Rendering children
 VapiProvider: Rendering children
 VapiProvider: Rendering children
 VapiProvider: Received message Object
 VapiProvider: Rendering children
 VapiProvider: Rendering children
 Processing message 223: Object
 VapiProvider: Rendering children
 VapiProvider: Rendering children
 VapiProvider: Received message Object
 VapiProvider: Rendering children
 VapiProvider: Rendering children
 Processing message 224: Object
 VapiProvider: Received message Object
 VapiProvider: Rendering children
 VapiProvider: Rendering children
 Processing message 225: Object
 VapiProvider: Received message Object
 VapiProvider: Rendering children
 VapiProvider: Rendering children
 Processing message 226: Object
 VapiProvider: Rendering children
 VapiProvider: Rendering children
 VapiProvider: Rendering children
 VapiProvider: Rendering children
 VapiProvider: Rendering children
 VapiProvider: Rendering children
 VapiProvider: Rendering children
 VapiProvider: Rendering children
 VapiProvider: Received message Object
 VapiProvider: Rendering children
 VapiProvider: Rendering children
 Processing message 227: Object
 VapiProvider: Received message Object
 VapiProvider: Rendering children
 VapiProvider: Rendering children
 Processing message 228: Object
 VapiProvider: Received message Object
 VapiProvider: Rendering children
 VapiProvider: Rendering children
 Processing message 229: Object
 VapiProvider: Received message Object
 VapiProvider: Rendering children
 VapiProvider: Rendering children
 Processing message 230: Object
 VapiProvider: Received message Object
 VapiProvider: Rendering children
 VapiProvider: Rendering children
 Processing message 231: Object
 VapiProvider: Rendering children
 VapiProvider: Rendering children
 VapiProvider: Received message Object
 VapiProvider: Rendering children
 VapiProvider: Rendering children
 Processing message 232: Object
 VapiProvider: Received message Object
 VapiProvider: Rendering children
 VapiProvider: Rendering children
 Processing message 233: Object
 VapiProvider: Received message Object
 VapiProvider: Rendering children
 VapiProvider: Rendering children
 Processing message 234: Object
 VapiProvider: Received message Object
 VapiProvider: Rendering children
 VapiProvider: Rendering children
 Processing message 235: Object
 VapiProvider: Received message Object
 VapiProvider: Rendering children
 VapiProvider: Rendering children
 Processing message 236: Object
 VapiProvider: Rendering children
 VapiProvider: Rendering children
 VapiProvider: Rendering children
 VapiProvider: Rendering children
 VapiProvider: Received message Object
 VapiProvider: Rendering children
 VapiProvider: Rendering children
 Processing message 237: Object
 VapiProvider: Rendering children
 VapiProvider: Rendering children
 VapiProvider: Received message Object
 VapiProvider: Rendering children
 VapiProvider: Rendering children
 Processing message 238: Object
 VapiProvider: Rendering children
 VapiProvider: Rendering children
VapiContext.tsx:63 VapiProvider: Speech ended
VapiContext.tsx:100 VapiProvider: Rendering children
VapiContext.tsx:100 VapiProvider: Rendering children
VapiContext.tsx:67 VapiProvider: Received message Object
VapiContext.tsx:100 VapiProvider: Rendering children
VapiContext.tsx:100 VapiProvider: Rendering children
VoiceControlledInfo.tsx:63 Processing message 239: Object
VapiContext.tsx:100 VapiProvider: Rendering children
VapiContext.tsx:100 VapiProvider: Rendering children
VapiContext.tsx:100 VapiProvider: Rendering children
VapiContext.tsx:100 VapiProvider: Rendering children
VapiContext.tsx:100 VapiProvider: Rendering children
VapiContext.tsx:100 VapiProvider: Rendering children
VapiContext.tsx:100 VapiProvider: Rendering children
VapiContext.tsx:100 VapiProvider: Rendering children
VapiContext.tsx:100 VapiProvider: Rendering children
VapiContext.tsx:100 VapiProvider: Rendering children
VapiContext.tsx:59 VapiProvider: Speech started
VapiContext.tsx:100 VapiProvider: Rendering children
VapiContext.tsx:100 VapiProvider: Rendering children
VapiContext.tsx:100 VapiProvider: Rendering children
VapiContext.tsx:100 VapiProvider: Rendering children
VapiContext.tsx:100 VapiProvider: Rendering children
VapiContext.tsx:100 VapiProvider: Rendering children
VapiContext.tsx:100 VapiProvider: Rendering children
VapiContext.tsx:100 VapiProvider: Rendering children
VapiContext.tsx:100 VapiProvider: Rendering children
VapiContext.tsx:100 VapiProvider: Rendering children
VapiContext.tsx:100 VapiProvider: Rendering children
VapiContext.tsx:100 VapiProvider: Rendering children
VapiContext.tsx:100 VapiProvider: Rendering children
VapiContext.tsx:100 VapiProvider: Rendering children
VapiContext.tsx:100 VapiProvider: Rendering children
VapiContext.tsx:100 VapiProvider: Rendering children
VapiContext.tsx:100 VapiProvider: Rendering children
VapiContext.tsx:100 VapiProvider: Rendering children
VapiContext.tsx:67 VapiProvider: Received message Object
VapiContext.tsx:100 VapiProvider: Rendering children
VapiContext.tsx:100 VapiProvider: Rendering children
VoiceControlledInfo.tsx:63 Processing message 240: Object
VapiContext.tsx:100 VapiProvider: Rendering children
VapiContext.tsx:100 VapiProvider: Rendering children
VapiContext.tsx:100 VapiProvider: Rendering children
VapiContext.tsx:100 VapiProvider: Rendering children
VapiContext.tsx:100 VapiProvider: Rendering children
VapiContext.tsx:100 VapiProvider: Rendering children
VapiContext.tsx:100 VapiProvider: Rendering children
VapiContext.tsx:100 VapiProvider: Rendering children
VapiContext.tsx:100 VapiProvider: Rendering children
VapiContext.tsx:100 VapiProvider: Rendering children
VapiContext.tsx:100 VapiProvider: Rendering children
VapiContext.tsx:100 VapiProvider: Rendering children
VapiContext.tsx:100 VapiProvider: Rendering children
VapiContext.tsx:100 VapiProvider: Rendering children
VapiContext.tsx:100 VapiProvider: Rendering children
VapiContext.tsx:100 VapiProvider: Rendering children
VapiContext.tsx:100 VapiProvider: Rendering children
VapiContext.tsx:100 VapiProvider: Rendering children
VapiContext.tsx:100 VapiProvider: Rendering children
VapiContext.tsx:100 VapiProvider: Rendering children
VapiContext.tsx:67 VapiProvider: Received message Object
VapiContext.tsx:100 VapiProvider: Rendering children
VapiContext.tsx:100 VapiProvider: Rendering children
VoiceControlledInfo.tsx:63 Processing message 241: Object
VapiContext.tsx:67 VapiProvider: Received message Object
VapiContext.tsx:100 VapiProvider: Rendering children
VapiContext.tsx:100 VapiProvider: Rendering children
VoiceControlledInfo.tsx:63 Processing message 242: Object
VapiContext.tsx:100 VapiProvider: Rendering children
VapiContext.tsx:100 VapiProvider: Rendering children
VapiContext.tsx:100 VapiProvider: Rendering children
VapiContext.tsx:100 VapiProvider: Rendering children
VapiContext.tsx:100 VapiProvider: Rendering children
VapiContext.tsx:100 VapiProvider: Rendering children
VapiContext.tsx:100 VapiProvider: Rendering children
VapiContext.tsx:100 VapiProvider: Rendering children
VapiContext.tsx:100 VapiProvider: Rendering children
VapiContext.tsx:100 VapiProvider: Rendering children
VapiContext.tsx:67 VapiProvider: Received message Object
VapiContext.tsx:100 VapiProvider: Rendering children
VapiContext.tsx:100 VapiProvider: Rendering children
VoiceControlledInfo.tsx:63 Processing message 243: Object
VapiContext.tsx:67 VapiProvider: Received message Object
VapiContext.tsx:100 VapiProvider: Rendering children
VapiContext.tsx:100 VapiProvider: Rendering children
VoiceControlledInfo.tsx:63 Processing message 244: Object
VapiContext.tsx:100 VapiProvider: Rendering children
VapiContext.tsx:100 VapiProvider: Rendering children
VapiContext.tsx:100 VapiProvider: Rendering children
VapiContext.tsx:100 VapiProvider: Rendering children
VapiContext.tsx:100 VapiProvider: Rendering children
VapiContext.tsx:100 VapiProvider: Rendering children
VapiContext.tsx:100 VapiProvider: Rendering children
VapiContext.tsx:100 VapiProvider: Rendering children
VapiContext.tsx:100 VapiProvider: Rendering children
VapiContext.tsx:100 VapiProvider: Rendering children
VapiContext.tsx:63 VapiProvider: Speech ended
VapiContext.tsx:100 VapiProvider: Rendering children
VapiContext.tsx:100 VapiProvider: Rendering children
VapiContext.tsx:100 VapiProvider: Rendering children
VapiContext.tsx:100 VapiProvider: Rendering children
VapiContext.tsx:100 VapiProvider: Rendering children
VapiContext.tsx:100 VapiProvider: Rendering children
VapiContext.tsx:100 VapiProvider: Rendering children
VapiContext.tsx:100 VapiProvider: Rendering children
VapiContext.tsx:100 VapiProvider: Rendering children
VapiContext.tsx:100 VapiProvider: Rendering children
VapiContext.tsx:100 VapiProvider: Rendering children
VapiContext.tsx:100 VapiProvider: Rendering children
VapiContext.tsx:100 VapiProvider: Rendering children
VapiContext.tsx:100 VapiProvider: Rendering children
VapiContext.tsx:100 VapiProvider: Rendering children
VapiContext.tsx:100 VapiProvider: Rendering children
VapiContext.tsx:100 VapiProvider: Rendering children
VapiContext.tsx:100 VapiProvider: Rendering children
VapiContext.tsx:100 VapiProvider: Rendering children
VapiContext.tsx:100 VapiProvider: Rendering children
VapiContext.tsx:100 VapiProvider: Rendering children
VapiContext.tsx:100 VapiProvider: Rendering children
VapiContext.tsx:100 VapiProvider: Rendering children
VapiContext.tsx:100 VapiProvider: Rendering children
VapiContext.tsx:100 VapiProvider: Rendering children
VapiContext.tsx:100 VapiProvider: Rendering children
VapiContext.tsx:100 VapiProvider: Rendering children
VapiContext.tsx:100 VapiProvider: Rendering children
VapiContext.tsx:100 VapiProvider: Rendering children
VapiContext.tsx:100 VapiProvider: Rendering children
VapiContext.tsx:100 VapiProvider: Rendering children
VapiContext.tsx:100 VapiProvider: Rendering children
VapiContext.tsx:100 VapiProvider: Rendering children
VapiContext.tsx:100 VapiProvider: Rendering children
VapiContext.tsx:100 VapiProvider: Rendering children
VapiContext.tsx:100 VapiProvider: Rendering children
VapiContext.tsx:100 VapiProvider: Rendering children
VapiContext.tsx:100 VapiProvider: Rendering children
VapiContext.tsx:100 VapiProvider: Rendering children
VapiContext.tsx:100 VapiProvider: Rendering children
VapiContext.tsx:100 VapiProvider: Rendering children
VapiContext.tsx:100 VapiProvider: Rendering children
VapiContext.tsx:100 VapiProvider: Rendering children
VapiContext.tsx:100 VapiProvider: Rendering children
VapiContext.tsx:100 VapiProvider: Rendering children
VapiContext.tsx:100 VapiProvider: Rendering children
VapiContext.tsx:100 VapiProvider: Rendering children
VapiContext.tsx:100 VapiProvider: Rendering children
VapiContext.tsx:100 VapiProvider: Rendering children
VapiContext.tsx:100 VapiProvider: Rendering children
VapiContext.tsx:100 VapiProvider: Rendering children
VapiContext.tsx:100 VapiProvider: Rendering children
VapiContext.tsx:100 VapiProvider: Rendering children
VapiContext.tsx:100 VapiProvider: Rendering children
VapiContext.tsx:100 VapiProvider: Rendering children
VapiContext.tsx:100 VapiProvider: Rendering children
VapiContext.tsx:100 VapiProvider: Rendering children
VapiContext.tsx:100 VapiProvider: Rendering children
VapiContext.tsx:100 VapiProvider: Rendering children
VapiContext.tsx:100 VapiProvider: Rendering children
VapiContext.tsx:100 VapiProvider: Rendering children
VapiContext.tsx:100 VapiProvider: Rendering children
VapiContext.tsx:100 VapiProvider: Rendering children
VapiContext.tsx:100 VapiProvider: Rendering children
VapiContext.tsx:100 VapiProvider: Rendering children
VapiContext.tsx:100 VapiProvider: Rendering children
VapiContext.tsx:100 VapiProvider: Rendering children
VapiContext.tsx:100 VapiProvider: Rendering children
VapiContext.tsx:100 VapiProvider: Rendering children
VapiContext.tsx:100 VapiProvider: Rendering children
VapiContext.tsx:100 VapiProvider: Rendering children
VapiContext.tsx:100 VapiProvider: Rendering children
VapiContext.tsx:100 VapiProvider: Rendering children
VapiContext.tsx:100 VapiProvider: Rendering children
VapiContext.tsx:100 VapiProvider: Rendering children
VapiContext.tsx:100 VapiProvider: Rendering children
VapiContext.tsx:100 VapiProvider: Rendering children
VapiContext.tsx:100 VapiProvider: Rendering children
VapiContext.tsx:100 VapiProvider: Rendering children
VapiContext.tsx:100 VapiProvider: Rendering children
VapiContext.tsx:100 VapiProvider: Rendering children
VapiContext.tsx:100 VapiProvider: Rendering children
VapiContext.tsx:100 VapiProvider: Rendering children
VapiContext.tsx:100 VapiProvider: Rendering children
VapiContext.tsx:100 VapiProvider: Rendering children
VapiContext.tsx:100 VapiProvider: Rendering children
VapiContext.tsx:100 VapiProvider: Rendering children
VapiContext.tsx:100 VapiProvider: Rendering children
VapiContext.tsx:100 VapiProvider: Rendering children
VapiContext.tsx:100 VapiProvider: Rendering children
VapiContext.tsx:100 VapiProvider: Rendering children
VapiContext.tsx:100 VapiProvider: Rendering children
VapiContext.tsx:100 VapiProvider: Rendering children
VapiContext.tsx:100 VapiProvider: Rendering children
VapiContext.tsx:100 VapiProvider: Rendering children
VapiContext.tsx:100 VapiProvider: Rendering children
VapiContext.tsx:100 VapiProvider: Rendering children
VapiContext.tsx:100 VapiProvider: Rendering children
VapiContext.tsx:100 VapiProvider: Rendering children
VapiContext.tsx:100 VapiProvider: Rendering children
VapiContext.tsx:100 VapiProvider: Rendering children
VapiContext.tsx:100 VapiProvider: Rendering children
VapiContext.tsx:100 VapiProvider: Rendering children
VapiContext.tsx:100 VapiProvider: Rendering children
VapiContext.tsx:100 VapiProvider: Rendering children
VapiContext.tsx:100 VapiProvider: Rendering children
VapiContext.tsx:100 VapiProvider: Rendering children
VapiContext.tsx:100 VapiProvider: Rendering children
VapiContext.tsx:100 VapiProvider: Rendering children
VapiContext.tsx:100 VapiProvider: Rendering children
VapiContext.tsx:100 VapiProvider: Rendering children
VapiContext.tsx:100 VapiProvider: Rendering children
VapiContext.tsx:100 VapiProvider: Rendering children
VapiContext.tsx:100 VapiProvider: Rendering children
VapiContext.tsx:100 VapiProvider: Rendering children
VapiContext.tsx:100 VapiProvider: Rendering children
VapiContext.tsx:100 VapiProvider: Rendering children
VapiContext.tsx:100 VapiProvider: Rendering children
VapiContext.tsx:100 VapiProvider: Rendering children
VapiContext.tsx:100 VapiProvider: Rendering children
VapiContext.tsx:100 VapiProvider: Rendering children
VapiContext.tsx:100 VapiProvider: Rendering children
VapiContext.tsx:100 VapiProvider: Rendering children
VapiContext.tsx:100 VapiProvider: Rendering children
VapiContext.tsx:100 VapiProvider: Rendering children
VapiContext.tsx:100 VapiProvider: Rendering children
VapiContext.tsx:100 VapiProvider: Rendering children
VapiContext.tsx:100 VapiProvider: Rendering children
VapiContext.tsx:100 VapiProvider: Rendering children
VapiContext.tsx:100 VapiProvider: Rendering children
VapiContext.tsx:100 VapiProvider: Rendering children
VapiContext.tsx:100 VapiProvider: Rendering children
VapiContext.tsx:100 VapiProvider: Rendering children
VapiContext.tsx:100 VapiProvider: Rendering children
VapiContext.tsx:100 VapiProvider: Rendering children
VapiContext.tsx:100 VapiProvider: Rendering children
VapiContext.tsx:100 VapiProvider: Rendering children
VapiContext.tsx:100 VapiProvider: Rendering children
VapiContext.tsx:100 VapiProvider: Rendering children
VapiContext.tsx:100 VapiProvider: Rendering children
VapiContext.tsx:100 VapiProvider: Rendering children
VapiContext.tsx:100 VapiProvider: Rendering children
VapiContext.tsx:100 VapiProvider: Rendering children
VapiContext.tsx:100 VapiProvider: Rendering children
VapiContext.tsx:100 VapiProvider: Rendering children
VapiContext.tsx:100 VapiProvider: Rendering children
VapiContext.tsx:100 VapiProvider: Rendering children
VapiContext.tsx:100 VapiProvider: Rendering children
VapiContext.tsx:100 VapiProvider: Rendering children
VapiContext.tsx:100 VapiProvider: Rendering children
VapiContext.tsx:100 VapiProvider: Rendering children
VapiContext.tsx:100 VapiProvider: Rendering children
VapiContext.tsx:100 VapiProvider: Rendering children
VapiContext.tsx:100 VapiProvider: Rendering children
VapiContext.tsx:100 VapiProvider: Rendering children
VapiContext.tsx:100 VapiProvider: Rendering children
VapiContext.tsx:100 VapiProvider: Rendering children
VapiContext.tsx:100 VapiProvider: Rendering children
VapiContext.tsx:100 VapiProvider: Rendering children
VapiContext.tsx:100 VapiProvider: Rendering children
VapiContext.tsx:100 VapiProvider: Rendering children
VapiContext.tsx:100 VapiProvider: Rendering children
VapiContext.tsx:100 VapiProvider: Rendering children
VapiContext.tsx:100 VapiProvider: Rendering children
VapiContext.tsx:100 VapiProvider: Rendering children
 VapiProvider: Rendering children
 VapiProvider: Rendering children
 VapiProvider: Rendering children
 VapiProvider: Rendering children
 VapiProvider: Rendering children
 VapiProvider: Rendering children
 VapiProvider: Rendering children
 VapiProvider: Rendering children
 VapiProvider: Rendering children
 VapiProvider: Rendering children
 VapiProvider: Rendering children
 VapiProvider: Rendering children
 VapiProvider: Rendering children
 VapiProvider: Rendering children
 VapiProvider: Rendering children
 VapiProvider: Rendering children
 VapiProvider: Rendering children
 VapiProvider: Rendering children
 VapiProvider: Rendering children
 VapiProvider: Rendering children
 VapiProvider: Rendering children
 VapiProvider: Rendering children
 VapiProvider: Rendering children
 VapiProvider: Rendering children
 VapiProvider: Rendering children
 VapiProvider: Rendering children
 VapiProvider: Rendering children
 VapiProvider: Rendering children
 VapiProvider: Rendering children
 VapiProvider: Rendering children
 VapiProvider: Rendering children
 VapiProvider: Rendering children
 VapiProvider: Rendering children
 VapiProvider: Rendering children
 VapiProvider: Rendering children
 VapiProvider: Rendering children
 VapiProvider: Rendering children
 VapiProvider: Rendering children
 VapiProvider: Rendering children
 VapiProvider: Rendering children
 VapiProvider: Rendering children
 VapiProvider: Rendering children
 VapiProvider: Rendering children
 VapiProvider: Rendering children
 VapiProvider: Rendering children
 VapiProvider: Rendering children
 VapiProvider: Rendering children
 VapiProvider: Rendering children
 VapiProvider: Rendering children
 VapiProvider: Rendering children
 VapiProvider: Rendering children
 VapiProvider: Rendering children
 VapiProvider: Rendering children
 VapiProvider: Rendering children
 VapiProvider: Rendering children
 VapiProvider: Rendering children
 VapiProvider: Rendering children
 VapiProvider: Rendering children
 VapiProvider: Rendering children
 VapiProvider: Rendering children
 VapiProvider: Rendering children
 VapiProvider: Rendering children
 VapiProvider: Rendering children
 VapiProvider: Rendering children
 VapiProvider: Rendering children
 VapiProvider: Rendering children
 VapiProvider: Rendering children
